<testsuites id="" name="" tests="78" failures="67" skipped="11" errors="0" time="310.39836199999996">
<testsuite name="assessment-flow.spec.ts" timestamp="2025-08-05T18:43:37.374Z" hostname="-latest:Windows 11-browserstack" tests="7" failures="7" skipped="0" time="0.469" errors="0">
<testcase name="Assessment Flow Tests › should display assessment questions consistently" classname="assessment-flow.spec.ts" time="0.073">
<failure message="assessment-flow.spec.ts:9:7 should display assessment questions consistently" type="FAILURE">
<![CDATA[  [-latest:Windows 11-browserstack] › assessment-flow.spec.ts:9:7 › Assessment Flow Tests › should display assessment questions consistently 

    Error: _bidiChromium: expected channel BrowserType
        at Connection._0x43a61e (/Users/coreylipsey/gutcheck-score-mvp/node_modules/browserstack-node-sdk/src/bin/playwright/sessionDetails.js:1:12833)
]]>
</failure>
<system-out>
<![CDATA[2025-08-05 14:43:41 - [32minfo[39m: [BrowserstackCLI] Starting as child process with session ID: e4d07e95-5dda-4e81-9882-c8fe1514f00a
2025-08-05 14:43:41 - [32minfo[39m: [BrowserstackCLI] startChild: client and channel already exist, stopping here
2025-08-05 14:43:41 - [32minfo[39m: [PlaywrightAutomationFramework] trackPlaywrightInstance: created instance for target=36496:0, state=AutomationFrameworkState.CREATE
2025-08-05 14:43:41 - [32minfo[39m: [PlaywrightAutomationFramework] trackPlaywrightInstance: saved instance contextId=389add930f058dd159dfc76a53931d3ab4b29d196101e980a86959aace54edbb target=36496:0
2025-08-05 14:43:41 - [32minfo[39m: Processed accessibility caps false {"browserstack.user":"coreylipsey_CicmlG","browserstack.key":"qRbyY1vhLqJDjNwJqN7E","build":"bstack-demo","project":"BrowserStack Sample","browserstack.debug":true,"browserstack.console":"info","browserstack.buildIdentifier":"#1","turboScaleOptions":{},"os":"Windows","os_version":11,"browserstack.hostName":"Coreys-MBP","browserstack.browserstackSDK":"Playwright-nodeagent/1.40.6","browserstack.buildProductMap":{"observability":true,"accessibility":false,"percy":false,"automate":true,"app_automate":false},"browserstack.use_w3c":false,"browser":"playwright-firefox","browser_version":"latest","browserstack.testhubBuildUuid":"edzixf7rngb75xnrntdzn0dvsfpqiandmiypr12j","browserstack.local":true,"browserstack.localIdentifier":"Aug_5_1443_Coreys-MBP_4myv"} 
2025-08-05 14:43:53 - [32minfo[39m: [PlaywrightAutomationFramework] trackPlaywrightInstance: instance already exists
2025-08-05 14:43:53 - [32minfo[39m: [PlaywrightAutomationFramework] trackPlaywrightInstance: instance already exists
2025-08-05 14:43:54 - [32minfo[39m: [PlaywrightDriverModule] testId: 2657358a77c132dcc4e7-2d7d29c4fc2f2208651b
2025-08-05 14:43:54 - [32minfo[39m: [PlaywrightDriverModule] testData from onAfterTest: {
  uuid: '1f0dae87-652c-4acd-8b54-719d4f1cabbf',
  test_framework_name: 'Playwright',
  test_framework_version: '1.54.2',
  test_logs: [],
  test_hooks_finished: {},
  test_hooks_started: {},
  test_uuid: '1f0dae87-652c-4acd-8b54-719d4f1cabbf',
  test_result: 'pending',
  automate_session_name: 'Assessment Flow Tests - should display assessment questions consistently',
  test_file_path: '/Users/coreylipsey/gutcheck-score-mvp/tests/assessment-flow.spec.ts',
  test_id: '2657358a77c132dcc4e7-2d7d29c4fc2f2208651b',
  test_name: 'should display assessment questions consistently',
  test_location: '/Users/coreylipsey/gutcheck-score-mvp/tests/assessment-flow.spec.ts:9',
  test_code: 'async ({\n' +
    '    page\n' +
    '  }) => {\n' +
    '    // Wait for assessment content to load\n' +
    `    await page.waitForSelector('[data-testid="assessment-question"], .question, h1, h2', {\n` +
    '      timeout: 10000\n' +
    '    });\n' +
    '\n' +
    '    // Check that questions are visible and properly styled\n' +
    `    const questions = page.locator('[data-testid="assessment-question"], .question, h1, h2').filter({\n` +
    '      hasText: /./\n' +
    '    });\n' +
    '    (0, _test.expect)(await questions.count()).toBeGreaterThan(0);\n' +
    '    for (let i = 0; i < Math.min(await questions.count(), 3); i++) {\n' +
    '      const question = questions.nth(i);\n' +
    '\n' +
    '      // Check visibility\n' +
    '      await (0, _test.expect)(question).toBeVisible();\n' +
    '\n' +
    '      // Check styling\n' +
    '      const styles = await question.evaluate(el => {\n' +
    '        const computed = window.getComputedStyle(el);\n' +
    '        return {\n' +
    '          fontSize: computed.fontSize,\n' +
    '          fontWeight: computed.fontWeight,\n' +
    '          color: computed.color,\n' +
    '          lineHeight: computed.lineHeight\n' +
    '        };\n' +
    '      });\n' +
    '\n' +
    '      // Should have readable text styling\n' +
    '      (0, _test.expect)(parseFloat(styles.fontSize)).toBeGreaterThan(12);\n' +
    "      (0, _test.expect)(styles.color).not.toBe('rgba(0, 0, 0, 0)');\n" +
    '    }\n' +
    '  }',
  test_tags: [],
  test_started_at: '2025-08-05T18:43:41.381Z',
  test_scope: 'Assessment Flow Tests - should display assessment questions consistently',
  test_scopes: [ 'Assessment Flow Tests' ],
  test_rerun_name: ' -latest:Windows 11-browserstack assessment-flow.spec.ts Assessment Flow Tests should display assessment questions consistently'
}
2025-08-05 14:43:54 - [32minfo[39m: [GrpcClient] Sending TestSessionEvent
]]>
</system-out>
</testcase>
<testcase name="Assessment Flow Tests › should handle form inputs consistently across browsers" classname="assessment-flow.spec.ts" time="0.06">
<failure message="assessment-flow.spec.ts:41:7 should handle form inputs consistently across browsers" type="FAILURE">
<![CDATA[  [-latest:Windows 11-browserstack] › assessment-flow.spec.ts:41:7 › Assessment Flow Tests › should handle form inputs consistently across browsers 

    Error: _bidiChromium: expected channel BrowserType
        at Connection._0x43a61e (/Users/coreylipsey/gutcheck-score-mvp/node_modules/browserstack-node-sdk/src/bin/playwright/sessionDetails.js:1:12833)
]]>
</failure>
<system-out>
<![CDATA[2025-08-05 14:43:41 - [32minfo[39m: [BrowserstackCLI] Starting as child process with session ID: e4d07e95-5dda-4e81-9882-c8fe1514f00a
2025-08-05 14:43:41 - [32minfo[39m: [BrowserstackCLI] startChild: client and channel already exist, stopping here
2025-08-05 14:43:41 - [32minfo[39m: [PlaywrightAutomationFramework] trackPlaywrightInstance: created instance for target=36497:0, state=AutomationFrameworkState.CREATE
2025-08-05 14:43:41 - [32minfo[39m: [PlaywrightAutomationFramework] trackPlaywrightInstance: saved instance contextId=50c51ee7aedaa5f1148ec0053e12bcf5ef4c4044a385ddd96c70bb0b4ed16a12 target=36497:0
2025-08-05 14:43:41 - [32minfo[39m: Processed accessibility caps false {"browserstack.user":"coreylipsey_CicmlG","browserstack.key":"qRbyY1vhLqJDjNwJqN7E","build":"bstack-demo","project":"BrowserStack Sample","browserstack.debug":true,"browserstack.console":"info","browserstack.buildIdentifier":"#1","turboScaleOptions":{},"os":"Windows","os_version":11,"browserstack.hostName":"Coreys-MBP","browserstack.browserstackSDK":"Playwright-nodeagent/1.40.6","browserstack.buildProductMap":{"observability":true,"accessibility":false,"percy":false,"automate":true,"app_automate":false},"browserstack.use_w3c":false,"browser":"playwright-firefox","browser_version":"latest","browserstack.testhubBuildUuid":"edzixf7rngb75xnrntdzn0dvsfpqiandmiypr12j","browserstack.local":true,"browserstack.localIdentifier":"Aug_5_1443_Coreys-MBP_4myv"} 
2025-08-05 14:43:51 - [32minfo[39m: [PlaywrightAutomationFramework] trackPlaywrightInstance: instance already exists
2025-08-05 14:43:51 - [32minfo[39m: [PlaywrightAutomationFramework] trackPlaywrightInstance: instance already exists
2025-08-05 14:43:51 - [32minfo[39m: [PlaywrightDriverModule] testId: 2657358a77c132dcc4e7-3c6f99289f591e12dd87
2025-08-05 14:43:51 - [32minfo[39m: [PlaywrightDriverModule] testData from onAfterTest: {
  uuid: '01dfbb45-ddb5-4f49-81ab-cf14f1f2a0a0',
  test_framework_name: 'Playwright',
  test_framework_version: '1.54.2',
  test_logs: [],
  test_hooks_finished: {},
  test_hooks_started: {},
  test_uuid: '01dfbb45-ddb5-4f49-81ab-cf14f1f2a0a0',
  test_result: 'pending',
  automate_session_name: 'Assessment Flow Tests - should handle form inputs consistently across browsers',
  test_file_path: '/Users/coreylipsey/gutcheck-score-mvp/tests/assessment-flow.spec.ts',
  test_id: '2657358a77c132dcc4e7-3c6f99289f591e12dd87',
  test_name: 'should handle form inputs consistently across browsers',
  test_location: '/Users/coreylipsey/gutcheck-score-mvp/tests/assessment-flow.spec.ts:41',
  test_code: 'async ({\n' +
    '    page\n' +
    '  }) => {\n' +
    '    // Look for form inputs (radio buttons, checkboxes, text inputs)\n' +
    "    const inputs = page.locator('input, textarea, select');\n" +
    '    for (let i = 0; i < Math.min(await inputs.count(), 5); i++) {\n' +
    '      const input = inputs.nth(i);\n' +
    '\n' +
    '      // Check input is visible and interactive\n' +
    '      await (0, _test.expect)(input).toBeVisible();\n' +
    "      const inputType = await input.getAttribute('type');\n" +
    "      if (inputType === 'radio' || inputType === 'checkbox') {\n" +
    '        // Test radio/checkbox functionality\n' +
    '        await input.click();\n' +
    '\n' +
    '        // Verify selection state\n' +
    '        const isChecked = await input.isChecked();\n' +
    '        (0, _test.expect)(isChecked).toBe(true);\n' +
    "      } else if (inputType === 'text' || inputType === 'textarea') {\n" +
    '        // Test text input functionality\n' +
    "        await input.fill('Test input');\n" +
    '        const value = await input.inputValue();\n' +
    "        (0, _test.expect)(value).toBe('Test input');\n" +
    '      }\n' +
    '    }\n' +
    '  }',
  test_tags: [],
  test_started_at: '2025-08-05T18:43:41.354Z',
  test_scope: 'Assessment Flow Tests - should handle form inputs consistently across browsers',
  test_scopes: [ 'Assessment Flow Tests' ],
  test_rerun_name: ' -latest:Windows 11-browserstack assessment-flow.spec.ts Assessment Flow Tests should handle form inputs consistently across browsers'
}
2025-08-05 14:43:51 - [32minfo[39m: [GrpcClient] Sending TestSessionEvent
]]>
</system-out>
</testcase>
<testcase name="Assessment Flow Tests › should maintain consistent button styling and behavior" classname="assessment-flow.spec.ts" time="0.143">
<failure message="assessment-flow.spec.ts:69:7 should maintain consistent button styling and behavior" type="FAILURE">
<![CDATA[  [-latest:Windows 11-browserstack] › assessment-flow.spec.ts:69:7 › Assessment Flow Tests › should maintain consistent button styling and behavior 

    Error: _bidiChromium: expected channel BrowserType
        at Connection._0x43a61e (/Users/coreylipsey/gutcheck-score-mvp/node_modules/browserstack-node-sdk/src/bin/playwright/sessionDetails.js:1:12833)
]]>
</failure>
<system-out>
<![CDATA[2025-08-05 14:43:41 - [32minfo[39m: [BrowserstackCLI] Starting as child process with session ID: e4d07e95-5dda-4e81-9882-c8fe1514f00a
2025-08-05 14:43:41 - [32minfo[39m: [BrowserstackCLI] startChild: client and channel already exist, stopping here
2025-08-05 14:43:41 - [32minfo[39m: [PlaywrightAutomationFramework] trackPlaywrightInstance: created instance for target=36498:0, state=AutomationFrameworkState.CREATE
2025-08-05 14:43:41 - [32minfo[39m: [PlaywrightAutomationFramework] trackPlaywrightInstance: saved instance contextId=e261e9ecb5ca1c9a84d7ed2f59ca34e7d7376ec6edf0cc71bead8ffcdeb3a59b target=36498:0
2025-08-05 14:43:41 - [32minfo[39m: Processed accessibility caps false {"browserstack.user":"coreylipsey_CicmlG","browserstack.key":"qRbyY1vhLqJDjNwJqN7E","build":"bstack-demo","project":"BrowserStack Sample","browserstack.debug":true,"browserstack.console":"info","browserstack.buildIdentifier":"#1","turboScaleOptions":{},"os":"Windows","os_version":11,"browserstack.hostName":"Coreys-MBP","browserstack.browserstackSDK":"Playwright-nodeagent/1.40.6","browserstack.buildProductMap":{"observability":true,"accessibility":false,"percy":false,"automate":true,"app_automate":false},"browserstack.use_w3c":false,"browser":"playwright-firefox","browser_version":"latest","browserstack.testhubBuildUuid":"edzixf7rngb75xnrntdzn0dvsfpqiandmiypr12j","browserstack.local":true,"browserstack.localIdentifier":"Aug_5_1443_Coreys-MBP_4myv"} 
2025-08-05 14:43:51 - [32minfo[39m: [PlaywrightAutomationFramework] trackPlaywrightInstance: instance already exists
2025-08-05 14:43:51 - [32minfo[39m: [PlaywrightAutomationFramework] trackPlaywrightInstance: instance already exists
2025-08-05 14:43:51 - [32minfo[39m: [PlaywrightDriverModule] testId: 2657358a77c132dcc4e7-bb0dd5e9746454eab93a
2025-08-05 14:43:51 - [32minfo[39m: [PlaywrightDriverModule] testData from onAfterTest: {
  uuid: '44fdf9c7-6576-4e6f-90a0-2f6c046e2678',
  test_framework_name: 'Playwright',
  test_framework_version: '1.54.2',
  test_logs: [],
  test_hooks_finished: {},
  test_hooks_started: {},
  test_uuid: '44fdf9c7-6576-4e6f-90a0-2f6c046e2678',
  test_result: 'pending',
  automate_session_name: 'Assessment Flow Tests - should maintain consistent button styling and behavior',
  test_file_path: '/Users/coreylipsey/gutcheck-score-mvp/tests/assessment-flow.spec.ts',
  test_id: '2657358a77c132dcc4e7-bb0dd5e9746454eab93a',
  test_name: 'should maintain consistent button styling and behavior',
  test_location: '/Users/coreylipsey/gutcheck-score-mvp/tests/assessment-flow.spec.ts:69',
  test_code: 'async ({\n' +
    '    page\n' +
    '  }) => {\n' +
    `    const buttons = page.locator('button, [role="button"], input[type="submit"]');\n` +
    '    for (let i = 0; i < Math.min(await buttons.count(), 3); i++) {\n' +
    '      const button = buttons.nth(i);\n' +
    '\n' +
    '      // Check button styling\n' +
    '      const styles = await button.evaluate(el => {\n' +
    '        const computed = window.getComputedStyle(el);\n' +
    '        return {\n' +
    '          backgroundColor: computed.backgroundColor,\n' +
    '          color: computed.color,\n' +
    '          borderRadius: computed.borderRadius,\n' +
    '          padding: computed.padding,\n' +
    '          cursor: computed.cursor\n' +
    '        };\n' +
    '      });\n' +
    '\n' +
    '      // Should have proper button styling\n' +
    "      (0, _test.expect)(styles.cursor).toBe('pointer');\n" +
    "      (0, _test.expect)(styles.padding).not.toBe('0px');\n" +
    '\n' +
    '      // Check button text is readable\n' +
    '      const buttonText = await button.textContent();\n' +
    '      if (buttonText && buttonText.trim()) {\n' +
    '        (0, _test.expect)(buttonText.trim().length).toBeGreaterThan(0);\n' +
    '      }\n' +
    '    }\n' +
    '  }',
  test_tags: [],
  test_started_at: '2025-08-05T18:43:41.468Z',
  test_scope: 'Assessment Flow Tests - should maintain consistent button styling and behavior',
  test_scopes: [ 'Assessment Flow Tests' ],
  test_rerun_name: ' -latest:Windows 11-browserstack assessment-flow.spec.ts Assessment Flow Tests should maintain consistent button styling and behavior'
}
2025-08-05 14:43:51 - [32minfo[39m: [GrpcClient] Sending TestSessionEvent
]]>
</system-out>
</testcase>
<testcase name="Assessment Flow Tests › should handle responsive design for assessment flow" classname="assessment-flow.spec.ts" time="0.054">
<failure message="assessment-flow.spec.ts:99:7 should handle responsive design for assessment flow" type="FAILURE">
<![CDATA[  [-latest:Windows 11-browserstack] › assessment-flow.spec.ts:99:7 › Assessment Flow Tests › should handle responsive design for assessment flow 

    Error: _bidiChromium: expected channel BrowserType
        at Connection._0x43a61e (/Users/coreylipsey/gutcheck-score-mvp/node_modules/browserstack-node-sdk/src/bin/playwright/sessionDetails.js:1:12833)
]]>
</failure>
<system-out>
<![CDATA[2025-08-05 14:43:55 - [32minfo[39m: [BrowserstackCLI] Starting as child process with session ID: e4d07e95-5dda-4e81-9882-c8fe1514f00a
2025-08-05 14:43:55 - [32minfo[39m: [BrowserstackCLI] startChild: client and channel already exist, stopping here
2025-08-05 14:43:55 - [32minfo[39m: [PlaywrightAutomationFramework] trackPlaywrightInstance: created instance for target=36533:0, state=AutomationFrameworkState.CREATE
2025-08-05 14:43:55 - [32minfo[39m: [PlaywrightAutomationFramework] trackPlaywrightInstance: saved instance contextId=452105373b8e5871b44c0bfc5d53597643d1dbed021104d5a447754940de6c52 target=36533:0
2025-08-05 14:43:55 - [32minfo[39m: Processed accessibility caps false {"browserstack.user":"coreylipsey_CicmlG","browserstack.key":"qRbyY1vhLqJDjNwJqN7E","build":"bstack-demo","project":"BrowserStack Sample","browserstack.debug":true,"browserstack.console":"info","browserstack.buildIdentifier":"#1","turboScaleOptions":{},"os":"Windows","os_version":11,"browserstack.hostName":"Coreys-MBP","browserstack.browserstackSDK":"Playwright-nodeagent/1.40.6","browserstack.buildProductMap":{"observability":true,"accessibility":false,"percy":false,"automate":true,"app_automate":false},"browserstack.use_w3c":false,"browser":"playwright-firefox","browser_version":"latest","browserstack.testhubBuildUuid":"edzixf7rngb75xnrntdzn0dvsfpqiandmiypr12j","browserstack.local":true,"browserstack.localIdentifier":"Aug_5_1443_Coreys-MBP_4myv"} 
2025-08-05 14:44:04 - [32minfo[39m: [PlaywrightAutomationFramework] trackPlaywrightInstance: instance already exists
2025-08-05 14:44:04 - [32minfo[39m: [PlaywrightAutomationFramework] trackPlaywrightInstance: instance already exists
2025-08-05 14:44:04 - [32minfo[39m: [PlaywrightDriverModule] testId: 2657358a77c132dcc4e7-5e256ccda84c1f5185b2
2025-08-05 14:44:04 - [32minfo[39m: [PlaywrightDriverModule] testData from onAfterTest: {
  uuid: '9a9f9372-e31a-4467-8cc3-d734a9b6097e',
  test_framework_name: 'Playwright',
  test_framework_version: '1.54.2',
  test_logs: [],
  test_hooks_finished: {},
  test_hooks_started: {},
  test_uuid: '9a9f9372-e31a-4467-8cc3-d734a9b6097e',
  test_result: 'pending',
  automate_session_name: 'Assessment Flow Tests - should handle responsive design for assessment flow',
  test_file_path: '/Users/coreylipsey/gutcheck-score-mvp/tests/assessment-flow.spec.ts',
  test_id: '2657358a77c132dcc4e7-5e256ccda84c1f5185b2',
  test_name: 'should handle responsive design for assessment flow',
  test_location: '/Users/coreylipsey/gutcheck-score-mvp/tests/assessment-flow.spec.ts:99',
  test_code: 'async ({\n' +
    '    page\n' +
    '  }) => {\n' +
    '    const viewports = [{\n' +
    '      width: 375,\n' +
    '      height: 667,\n' +
    "      name: 'Mobile'\n" +
    '    }, {\n' +
    '      width: 768,\n' +
    '      height: 1024,\n' +
    "      name: 'Tablet'\n" +
    '    }, {\n' +
    '      width: 1024,\n' +
    '      height: 768,\n' +
    "      name: 'Desktop'\n" +
    '    }];\n' +
    '    for (const viewport of viewports) {\n' +
    '      await page.setViewportSize({\n' +
    '        width: viewport.width,\n' +
    '        height: viewport.height\n' +
    '      });\n' +
    '      await page.waitForTimeout(500);\n' +
    '\n' +
    '      // Check that assessment content is properly contained\n' +
    `      const container = page.locator('main, .container, .assessment-container, [role="main"]').first();\n` +
    '      if ((await container.count()) > 0) {\n' +
    '        const isVisible = await container.isVisible();\n' +
    '        (0, _test.expect)(isVisible).toBe(true);\n' +
    '\n' +
    '        // Check no horizontal overflow\n' +
    '        const overflow = await page.evaluate(() => {\n' +
    '          return document.documentElement.scrollWidth <= window.innerWidth;\n' +
    '        });\n' +
    '        (0, _test.expect)(overflow).toBe(true);\n' +
    '      }\n' +
    '\n' +
    '      // Check that form elements are still accessible\n' +
    "      const inputs = page.locator('input, textarea, select');\n" +
    '      if ((await inputs.count()) > 0) {\n' +
    '        const firstInput = inputs.first();\n' +
    '        await (0, _test.expect)(firstInput).toBeVisible();\n' +
    '      }\n' +
    '    }\n' +
    '  }',
  test_tags: [],
  test_started_at: '2025-08-05T18:43:55.022Z',
  test_scope: 'Assessment Flow Tests - should handle responsive design for assessment flow',
  test_scopes: [ 'Assessment Flow Tests' ],
  test_rerun_name: ' -latest:Windows 11-browserstack assessment-flow.spec.ts Assessment Flow Tests should handle responsive design for assessment flow'
}
2025-08-05 14:44:04 - [32minfo[39m: [GrpcClient] Sending TestSessionEvent
]]>
</system-out>
</testcase>
<testcase name="Assessment Flow Tests › should handle form validation consistently" classname="assessment-flow.spec.ts" time="0.056">
<failure message="assessment-flow.spec.ts:132:7 should handle form validation consistently" type="FAILURE">
<![CDATA[  [-latest:Windows 11-browserstack] › assessment-flow.spec.ts:132:7 › Assessment Flow Tests › should handle form validation consistently 

    Error: _bidiChromium: expected channel BrowserType
        at Connection._0x43a61e (/Users/coreylipsey/gutcheck-score-mvp/node_modules/browserstack-node-sdk/src/bin/playwright/sessionDetails.js:1:12833)
]]>
</failure>
<system-out>
<![CDATA[2025-08-05 14:43:55 - [32minfo[39m: [BrowserstackCLI] Starting as child process with session ID: e4d07e95-5dda-4e81-9882-c8fe1514f00a
2025-08-05 14:43:55 - [32minfo[39m: [BrowserstackCLI] startChild: client and channel already exist, stopping here
2025-08-05 14:43:55 - [32minfo[39m: [PlaywrightAutomationFramework] trackPlaywrightInstance: created instance for target=36534:0, state=AutomationFrameworkState.CREATE
2025-08-05 14:43:55 - [32minfo[39m: [PlaywrightAutomationFramework] trackPlaywrightInstance: saved instance contextId=38428a4b2649da37836c0f38f10d8f52bad9355dc5e1a82a0300478ec2eb3aaa target=36534:0
2025-08-05 14:43:55 - [32minfo[39m: Processed accessibility caps false {"browserstack.user":"coreylipsey_CicmlG","browserstack.key":"qRbyY1vhLqJDjNwJqN7E","build":"bstack-demo","project":"BrowserStack Sample","browserstack.debug":true,"browserstack.console":"info","browserstack.buildIdentifier":"#1","turboScaleOptions":{},"os":"Windows","os_version":11,"browserstack.hostName":"Coreys-MBP","browserstack.browserstackSDK":"Playwright-nodeagent/1.40.6","browserstack.buildProductMap":{"observability":true,"accessibility":false,"percy":false,"automate":true,"app_automate":false},"browserstack.use_w3c":false,"browser":"playwright-firefox","browser_version":"latest","browserstack.testhubBuildUuid":"edzixf7rngb75xnrntdzn0dvsfpqiandmiypr12j","browserstack.local":true,"browserstack.localIdentifier":"Aug_5_1443_Coreys-MBP_4myv"} 
2025-08-05 14:44:12 - [32minfo[39m: [PlaywrightAutomationFramework] trackPlaywrightInstance: instance already exists
2025-08-05 14:44:12 - [32minfo[39m: [PlaywrightAutomationFramework] trackPlaywrightInstance: instance already exists
2025-08-05 14:44:12 - [32minfo[39m: [PlaywrightDriverModule] testId: 2657358a77c132dcc4e7-fde13f094c61f9770f62
2025-08-05 14:44:12 - [32minfo[39m: [PlaywrightDriverModule] testData from onAfterTest: {
  uuid: '0a560f42-eed3-42b7-9965-fbaae1b753b8',
  test_framework_name: 'Playwright',
  test_framework_version: '1.54.2',
  test_logs: [],
  test_hooks_finished: {},
  test_hooks_started: {},
  test_uuid: '0a560f42-eed3-42b7-9965-fbaae1b753b8',
  test_result: 'pending',
  automate_session_name: 'Assessment Flow Tests - should handle form validation consistently',
  test_file_path: '/Users/coreylipsey/gutcheck-score-mvp/tests/assessment-flow.spec.ts',
  test_id: '2657358a77c132dcc4e7-fde13f094c61f9770f62',
  test_name: 'should handle form validation consistently',
  test_location: '/Users/coreylipsey/gutcheck-score-mvp/tests/assessment-flow.spec.ts:132',
  test_code: 'async ({\n' +
    '    page\n' +
    '  }) => {\n' +
    '    // Look for submit buttons\n' +
    `    const submitButtons = page.locator('button[type="submit"], input[type="submit"], button:has-text("Submit"), button:has-text("Next")');\n` +
    '    if ((await submitButtons.count()) > 0) {\n' +
    '      const submitButton = submitButtons.first();\n' +
    '\n' +
    '      // Try to submit without filling required fields\n' +
    '      await submitButton.click();\n' +
    '\n' +
    '      // Wait for potential validation messages\n' +
    '      await page.waitForTimeout(1000);\n' +
    '\n' +
    '      // Check for validation messages\n' +
    `      const errorMessages = page.locator('.error, .validation-error, [role="alert"], .text-red-500, .text-red-600');\n` +
    '\n' +
    '      // If there are validation errors, they should be visible and styled consistently\n' +
    '      if ((await errorMessages.count()) > 0) {\n' +
    '        for (let i = 0; i < Math.min(await errorMessages.count(), 3); i++) {\n' +
    '          const error = errorMessages.nth(i);\n' +
    '          await (0, _test.expect)(error).toBeVisible();\n' +
    '\n' +
    '          // Check error styling\n' +
    '          const color = await error.evaluate(el => {\n' +
    '            return window.getComputedStyle(el).color;\n' +
    '          });\n' +
    '\n' +
    '          // Should have error color styling\n' +
    '          (0, _test.expect)(color).toMatch(/rgb\\(239, 68, 68\\)|rgb\\(220, 38, 38\\)|red/);\n' +
    '        }\n' +
    '      }\n' +
    '    }\n' +
    '  }',
  test_tags: [],
  test_started_at: '2025-08-05T18:43:55.050Z',
  test_scope: 'Assessment Flow Tests - should handle form validation consistently',
  test_scopes: [ 'Assessment Flow Tests' ],
  test_rerun_name: ' -latest:Windows 11-browserstack assessment-flow.spec.ts Assessment Flow Tests should handle form validation consistently'
}
2025-08-05 14:44:12 - [32minfo[39m: [GrpcClient] Sending TestSessionEvent
]]>
</system-out>
</testcase>
<testcase name="Assessment Flow Tests › should maintain consistent loading states" classname="assessment-flow.spec.ts" time="0.04">
<failure message="assessment-flow.spec.ts:166:7 should maintain consistent loading states" type="FAILURE">
<![CDATA[  [-latest:Windows 11-browserstack] › assessment-flow.spec.ts:166:7 › Assessment Flow Tests › should maintain consistent loading states 

    Error: _bidiChromium: expected channel BrowserType
        at Connection._0x43a61e (/Users/coreylipsey/gutcheck-score-mvp/node_modules/browserstack-node-sdk/src/bin/playwright/sessionDetails.js:1:12833)
]]>
</failure>
<system-out>
<![CDATA[2025-08-05 14:43:57 - [32minfo[39m: [BrowserstackCLI] Starting as child process with session ID: e4d07e95-5dda-4e81-9882-c8fe1514f00a
2025-08-05 14:43:57 - [32minfo[39m: [BrowserstackCLI] startChild: client and channel already exist, stopping here
2025-08-05 14:43:57 - [32minfo[39m: [PlaywrightAutomationFramework] trackPlaywrightInstance: created instance for target=36549:0, state=AutomationFrameworkState.CREATE
2025-08-05 14:43:57 - [32minfo[39m: [PlaywrightAutomationFramework] trackPlaywrightInstance: saved instance contextId=4fac4a116ef426cd89f3f21ae79150b4cdf62bd3da2791233410c338bf339526 target=36549:0
2025-08-05 14:43:57 - [32minfo[39m: Processed accessibility caps false {"browserstack.user":"coreylipsey_CicmlG","browserstack.key":"qRbyY1vhLqJDjNwJqN7E","build":"bstack-demo","project":"BrowserStack Sample","browserstack.debug":true,"browserstack.console":"info","browserstack.buildIdentifier":"#1","turboScaleOptions":{},"os":"Windows","os_version":11,"browserstack.hostName":"Coreys-MBP","browserstack.browserstackSDK":"Playwright-nodeagent/1.40.6","browserstack.buildProductMap":{"observability":true,"accessibility":false,"percy":false,"automate":true,"app_automate":false},"browserstack.use_w3c":false,"browser":"playwright-firefox","browser_version":"latest","browserstack.testhubBuildUuid":"edzixf7rngb75xnrntdzn0dvsfpqiandmiypr12j","browserstack.local":true,"browserstack.localIdentifier":"Aug_5_1443_Coreys-MBP_4myv"} 
2025-08-05 14:44:06 - [32minfo[39m: [PlaywrightAutomationFramework] trackPlaywrightInstance: instance already exists
2025-08-05 14:44:06 - [32minfo[39m: [PlaywrightAutomationFramework] trackPlaywrightInstance: instance already exists
2025-08-05 14:44:06 - [32minfo[39m: [PlaywrightDriverModule] testId: 2657358a77c132dcc4e7-4eb84e55328cf6fa3911
2025-08-05 14:44:06 - [32minfo[39m: [PlaywrightDriverModule] testData from onAfterTest: {
  uuid: '682f2896-feae-4311-bf37-6a181d0698e0',
  test_framework_name: 'Playwright',
  test_framework_version: '1.54.2',
  test_logs: [],
  test_hooks_finished: {},
  test_hooks_started: {},
  test_uuid: '682f2896-feae-4311-bf37-6a181d0698e0',
  test_result: 'pending',
  automate_session_name: 'Assessment Flow Tests - should maintain consistent loading states',
  test_file_path: '/Users/coreylipsey/gutcheck-score-mvp/tests/assessment-flow.spec.ts',
  test_id: '2657358a77c132dcc4e7-4eb84e55328cf6fa3911',
  test_name: 'should maintain consistent loading states',
  test_location: '/Users/coreylipsey/gutcheck-score-mvp/tests/assessment-flow.spec.ts:166',
  test_code: 'async ({\n' +
    '    page\n' +
    '  }) => {\n' +
    '    // Look for loading indicators\n' +
    `    const loadingIndicators = page.locator('.loading, .spinner, [aria-busy="true"], .animate-spin');\n` +
    '    if ((await loadingIndicators.count()) > 0) {\n' +
    '      for (let i = 0; i < Math.min(await loadingIndicators.count(), 3); i++) {\n' +
    '        const loader = loadingIndicators.nth(i);\n' +
    '\n' +
    '        // Check loading indicator is visible\n' +
    '        await (0, _test.expect)(loader).toBeVisible();\n' +
    '\n' +
    '        // Check it has proper styling\n' +
    '        const styles = await loader.evaluate(el => {\n' +
    '          const computed = window.getComputedStyle(el);\n' +
    '          return {\n' +
    '            display: computed.display,\n' +
    '            visibility: computed.visibility\n' +
    '          };\n' +
    '        });\n' +
    "        (0, _test.expect)(styles.display).not.toBe('none');\n" +
    "        (0, _test.expect)(styles.visibility).not.toBe('hidden');\n" +
    '      }\n' +
    '    }\n' +
    '  }',
  test_tags: [],
  test_started_at: '2025-08-05T18:43:57.419Z',
  test_scope: 'Assessment Flow Tests - should maintain consistent loading states',
  test_scopes: [ 'Assessment Flow Tests' ],
  test_rerun_name: ' -latest:Windows 11-browserstack assessment-flow.spec.ts Assessment Flow Tests should maintain consistent loading states'
}
2025-08-05 14:44:06 - [32minfo[39m: [GrpcClient] Sending TestSessionEvent
]]>
</system-out>
</testcase>
<testcase name="Assessment Flow Tests › should handle navigation consistently" classname="assessment-flow.spec.ts" time="0.043">
<failure message="assessment-flow.spec.ts:192:7 should handle navigation consistently" type="FAILURE">
<![CDATA[  [-latest:Windows 11-browserstack] › assessment-flow.spec.ts:192:7 › Assessment Flow Tests › should handle navigation consistently 

    Error: _bidiChromium: expected channel BrowserType
        at Connection._0x43a61e (/Users/coreylipsey/gutcheck-score-mvp/node_modules/browserstack-node-sdk/src/bin/playwright/sessionDetails.js:1:12833)
]]>
</failure>
<system-out>
<![CDATA[2025-08-05 14:44:07 - [32minfo[39m: [BrowserstackCLI] Starting as child process with session ID: e4d07e95-5dda-4e81-9882-c8fe1514f00a
2025-08-05 14:44:07 - [32minfo[39m: [BrowserstackCLI] startChild: client and channel already exist, stopping here
2025-08-05 14:44:07 - [32minfo[39m: [PlaywrightAutomationFramework] trackPlaywrightInstance: created instance for target=36572:0, state=AutomationFrameworkState.CREATE
2025-08-05 14:44:07 - [32minfo[39m: [PlaywrightAutomationFramework] trackPlaywrightInstance: saved instance contextId=9caf35294ee67702f35768574df869b5aae34ff68e9f6c1a78aec3c66b279982 target=36572:0
2025-08-05 14:44:07 - [32minfo[39m: Processed accessibility caps false {"browserstack.user":"coreylipsey_CicmlG","browserstack.key":"qRbyY1vhLqJDjNwJqN7E","build":"bstack-demo","project":"BrowserStack Sample","browserstack.debug":true,"browserstack.console":"info","browserstack.buildIdentifier":"#1","turboScaleOptions":{},"os":"Windows","os_version":11,"browserstack.hostName":"Coreys-MBP","browserstack.browserstackSDK":"Playwright-nodeagent/1.40.6","browserstack.buildProductMap":{"observability":true,"accessibility":false,"percy":false,"automate":true,"app_automate":false},"browserstack.use_w3c":false,"browser":"playwright-firefox","browser_version":"latest","browserstack.testhubBuildUuid":"edzixf7rngb75xnrntdzn0dvsfpqiandmiypr12j","browserstack.local":true,"browserstack.localIdentifier":"Aug_5_1443_Coreys-MBP_4myv"} 
2025-08-05 14:44:17 - [32minfo[39m: [PlaywrightAutomationFramework] trackPlaywrightInstance: instance already exists
2025-08-05 14:44:17 - [32minfo[39m: [PlaywrightAutomationFramework] trackPlaywrightInstance: instance already exists
2025-08-05 14:44:17 - [32minfo[39m: [PlaywrightDriverModule] testId: 2657358a77c132dcc4e7-f52ced16178146ffece8
2025-08-05 14:44:17 - [32minfo[39m: [PlaywrightDriverModule] testData from onAfterTest: {
  uuid: 'e2b2abcd-47f1-4e15-8bbd-487d26e7a4e9',
  test_framework_name: 'Playwright',
  test_framework_version: '1.54.2',
  test_logs: [],
  test_hooks_finished: {},
  test_hooks_started: {},
  test_uuid: 'e2b2abcd-47f1-4e15-8bbd-487d26e7a4e9',
  test_result: 'pending',
  automate_session_name: 'Assessment Flow Tests - should handle navigation consistently',
  test_file_path: '/Users/coreylipsey/gutcheck-score-mvp/tests/assessment-flow.spec.ts',
  test_id: '2657358a77c132dcc4e7-f52ced16178146ffece8',
  test_name: 'should handle navigation consistently',
  test_location: '/Users/coreylipsey/gutcheck-score-mvp/tests/assessment-flow.spec.ts:192',
  test_code: 'async ({\n' +
    '    page\n' +
    '  }) => {\n' +
    '    // Test navigation buttons/links\n' +
    `    const navButtons = page.locator('a, button, [role="link"]').filter({\n` +
    '      hasText: /back|next|previous|continue/i\n' +
    '    });\n' +
    '    for (let i = 0; i < Math.min(await navButtons.count(), 3); i++) {\n' +
    '      const navButton = navButtons.nth(i);\n' +
    '\n' +
    '      // Check navigation element is visible and clickable\n' +
    '      await (0, _test.expect)(navButton).toBeVisible();\n' +
    '      const styles = await navButton.evaluate(el => {\n' +
    '        const computed = window.getComputedStyle(el);\n' +
    '        return {\n' +
    '          cursor: computed.cursor,\n' +
    '          pointerEvents: computed.pointerEvents\n' +
    '        };\n' +
    '      });\n' +
    '\n' +
    '      // Should be clickable\n' +
    "      (0, _test.expect)(['pointer', 'default']).toContain(styles.cursor);\n" +
    "      (0, _test.expect)(styles.pointerEvents).not.toBe('none');\n" +
    '    }\n' +
    '  }',
  test_tags: [],
  test_started_at: '2025-08-05T18:44:07.193Z',
  test_scope: 'Assessment Flow Tests - should handle navigation consistently',
  test_scopes: [ 'Assessment Flow Tests' ],
  test_rerun_name: ' -latest:Windows 11-browserstack assessment-flow.spec.ts Assessment Flow Tests should handle navigation consistently'
}
2025-08-05 14:44:17 - [32minfo[39m: [GrpcClient] Sending TestSessionEvent
]]>
</system-out>
</testcase>
</testsuite>
<testsuite name="browserstack-connection.spec.ts" timestamp="2025-08-05T18:43:37.374Z" hostname="-latest:Windows 11-browserstack" tests="2" failures="2" skipped="0" time="0.078" errors="0">
<testcase name="BrowserStack Connection Test › should connect to BrowserStack and load the homepage" classname="browserstack-connection.spec.ts" time="0.037">
<failure message="browserstack-connection.spec.ts:4:7 should connect to BrowserStack and load the homepage" type="FAILURE">
<![CDATA[  [-latest:Windows 11-browserstack] › browserstack-connection.spec.ts:4:7 › BrowserStack Connection Test › should connect to BrowserStack and load the homepage 

    Error: _bidiChromium: expected channel BrowserType
        at Connection._0x43a61e (/Users/coreylipsey/gutcheck-score-mvp/node_modules/browserstack-node-sdk/src/bin/playwright/sessionDetails.js:1:12833)
]]>
</failure>
<system-out>
<![CDATA[2025-08-05 14:44:09 - [32minfo[39m: [BrowserstackCLI] Starting as child process with session ID: e4d07e95-5dda-4e81-9882-c8fe1514f00a
2025-08-05 14:44:09 - [32minfo[39m: [BrowserstackCLI] startChild: client and channel already exist, stopping here
2025-08-05 14:44:10 - [32minfo[39m: [PlaywrightAutomationFramework] trackPlaywrightInstance: created instance for target=36575:0, state=AutomationFrameworkState.CREATE
2025-08-05 14:44:10 - [32minfo[39m: [PlaywrightAutomationFramework] trackPlaywrightInstance: saved instance contextId=16d814e1dff2465832d11da696b52e02d80f605058a30663d2fad99d6359f854 target=36575:0
2025-08-05 14:44:10 - [32minfo[39m: Processed accessibility caps false {"browserstack.user":"coreylipsey_CicmlG","browserstack.key":"qRbyY1vhLqJDjNwJqN7E","build":"bstack-demo","project":"BrowserStack Sample","browserstack.debug":true,"browserstack.console":"info","browserstack.buildIdentifier":"#1","turboScaleOptions":{},"os":"Windows","os_version":11,"browserstack.hostName":"Coreys-MBP","browserstack.browserstackSDK":"Playwright-nodeagent/1.40.6","browserstack.buildProductMap":{"observability":true,"accessibility":false,"percy":false,"automate":true,"app_automate":false},"browserstack.use_w3c":false,"browser":"playwright-firefox","browser_version":"latest","browserstack.testhubBuildUuid":"edzixf7rngb75xnrntdzn0dvsfpqiandmiypr12j","browserstack.local":true,"browserstack.localIdentifier":"Aug_5_1443_Coreys-MBP_4myv"} 
2025-08-05 14:44:19 - [32minfo[39m: [PlaywrightAutomationFramework] trackPlaywrightInstance: instance already exists
2025-08-05 14:44:19 - [32minfo[39m: [PlaywrightAutomationFramework] trackPlaywrightInstance: instance already exists
2025-08-05 14:44:19 - [32minfo[39m: [PlaywrightDriverModule] testId: d09c4f4bbc136c469c4b-e15570eee07ccdd353ee
2025-08-05 14:44:19 - [32minfo[39m: [PlaywrightDriverModule] testData from onAfterTest: {
  uuid: '186d5af1-3fe7-4ce0-880b-bebab9b97cdf',
  test_framework_name: 'Playwright',
  test_framework_version: '1.54.2',
  test_logs: [],
  test_hooks_finished: {},
  test_hooks_started: {},
  test_uuid: '186d5af1-3fe7-4ce0-880b-bebab9b97cdf',
  test_result: 'pending',
  automate_session_name: 'BrowserStack Connection Test - should connect to BrowserStack and load the homepage',
  test_file_path: '/Users/coreylipsey/gutcheck-score-mvp/tests/browserstack-connection.spec.ts',
  test_id: 'd09c4f4bbc136c469c4b-e15570eee07ccdd353ee',
  test_name: 'should connect to BrowserStack and load the homepage',
  test_location: '/Users/coreylipsey/gutcheck-score-mvp/tests/browserstack-connection.spec.ts:4',
  test_code: 'async ({\n' +
    '    page\n' +
    '  }) => {\n' +
    '    var _page$viewportSize, _page$viewportSize2;\n' +
    '    // Navigate to the homepage\n' +
    "    await page.goto('/');\n" +
    '\n' +
    '    // Wait for the page to load\n' +
    "    await page.waitForLoadState('networkidle');\n" +
    '\n' +
    '    // Check that the page loaded successfully\n' +
    '    const title = await page.title();\n' +
    '    (0, _test.expect)(title).toBeTruthy();\n' +
    '\n' +
    '    // Take a screenshot for verification\n' +
    '    await page.screenshot({\n' +
    "      path: 'browserstack-connection-test.png'\n" +
    '    });\n' +
    '\n' +
    '    // Check that the page has content\n' +
    "    const bodyText = await page.textContent('body');\n" +
    '    (0, _test.expect)(bodyText).toBeTruthy();\n' +
    "    console.log('✅ BrowserStack connection successful!');\n" +
    '    console.log(`📄 Page title: ${title}`);\n' +
    '    console.log(`📱 Viewport: ${(_page$viewportSize = page.viewportSize()) === null || _page$viewportSize === void 0 ? void 0 : _page$viewportSize.width}x${(_page$viewportSize2 = page.viewportSize()) === null || _page$viewportSize2 === void 0 ? void 0 : _page$viewportSize2.height}`);\n' +
    '  }',
  test_tags: [],
  test_started_at: '2025-08-05T18:44:09.987Z',
  test_scope: 'BrowserStack Connection Test - should connect to BrowserStack and load the homepage',
  test_scopes: [ 'BrowserStack Connection Test' ],
  test_rerun_name: ' -latest:Windows 11-browserstack browserstack-connection.spec.ts BrowserStack Connection Test should connect to BrowserStack and load the homepage'
}
2025-08-05 14:44:19 - [32minfo[39m: [GrpcClient] Sending TestSessionEvent
]]>
</system-out>
</testcase>
<testcase name="BrowserStack Connection Test › should display consistent branding colors" classname="browserstack-connection.spec.ts" time="0.041">
<failure message="browserstack-connection.spec.ts:27:7 should display consistent branding colors" type="FAILURE">
<![CDATA[  [-latest:Windows 11-browserstack] › browserstack-connection.spec.ts:27:7 › BrowserStack Connection Test › should display consistent branding colors 

    Error: _bidiChromium: expected channel BrowserType
        at Connection._0x43a61e (/Users/coreylipsey/gutcheck-score-mvp/node_modules/browserstack-node-sdk/src/bin/playwright/sessionDetails.js:1:12833)
]]>
</failure>
<system-out>
<![CDATA[2025-08-05 14:44:15 - [32minfo[39m: [BrowserstackCLI] Starting as child process with session ID: e4d07e95-5dda-4e81-9882-c8fe1514f00a
2025-08-05 14:44:15 - [32minfo[39m: [BrowserstackCLI] startChild: client and channel already exist, stopping here
2025-08-05 14:44:15 - [32minfo[39m: [PlaywrightAutomationFramework] trackPlaywrightInstance: created instance for target=36591:0, state=AutomationFrameworkState.CREATE
2025-08-05 14:44:15 - [32minfo[39m: [PlaywrightAutomationFramework] trackPlaywrightInstance: saved instance contextId=81aa99ecda3491957773c1ac83340eeaf31069ca170af353dff0473b134a1058 target=36591:0
2025-08-05 14:44:15 - [32minfo[39m: Processed accessibility caps false {"browserstack.user":"coreylipsey_CicmlG","browserstack.key":"qRbyY1vhLqJDjNwJqN7E","build":"bstack-demo","project":"BrowserStack Sample","browserstack.debug":true,"browserstack.console":"info","browserstack.buildIdentifier":"#1","turboScaleOptions":{},"os":"Windows","os_version":11,"browserstack.hostName":"Coreys-MBP","browserstack.browserstackSDK":"Playwright-nodeagent/1.40.6","browserstack.buildProductMap":{"observability":true,"accessibility":false,"percy":false,"automate":true,"app_automate":false},"browserstack.use_w3c":false,"browser":"playwright-firefox","browser_version":"latest","browserstack.testhubBuildUuid":"edzixf7rngb75xnrntdzn0dvsfpqiandmiypr12j","browserstack.local":true,"browserstack.localIdentifier":"Aug_5_1443_Coreys-MBP_4myv"} 
2025-08-05 14:44:25 - [32minfo[39m: [PlaywrightAutomationFramework] trackPlaywrightInstance: instance already exists
2025-08-05 14:44:25 - [32minfo[39m: [PlaywrightAutomationFramework] trackPlaywrightInstance: instance already exists
2025-08-05 14:44:25 - [32minfo[39m: [PlaywrightDriverModule] testId: d09c4f4bbc136c469c4b-19eed17401918c1db4b6
2025-08-05 14:44:25 - [32minfo[39m: [PlaywrightDriverModule] testData from onAfterTest: {
  uuid: '3fdb4fba-1b76-4fc0-99af-7eb1a77446db',
  test_framework_name: 'Playwright',
  test_framework_version: '1.54.2',
  test_logs: [],
  test_hooks_finished: {},
  test_hooks_started: {},
  test_uuid: '3fdb4fba-1b76-4fc0-99af-7eb1a77446db',
  test_result: 'pending',
  automate_session_name: 'BrowserStack Connection Test - should display consistent branding colors',
  test_file_path: '/Users/coreylipsey/gutcheck-score-mvp/tests/browserstack-connection.spec.ts',
  test_id: 'd09c4f4bbc136c469c4b-19eed17401918c1db4b6',
  test_name: 'should display consistent branding colors',
  test_location: '/Users/coreylipsey/gutcheck-score-mvp/tests/browserstack-connection.spec.ts:27',
  test_code: 'async ({\n' +
    '    page\n' +
    '  }) => {\n' +
    "    await page.goto('/');\n" +
    '\n' +
    '    // Check for any elements with Gutcheck brand colors\n' +
    `    const gutcheckElements = page.locator('[class*="gutcheck"], [class*="bg-gutcheck"]');\n` +
    '    if ((await gutcheckElements.count()) > 0) {\n' +
    '      console.log(`🎨 Found ${await gutcheckElements.count()} Gutcheck branded elements`);\n' +
    '\n' +
    '      // Check the first branded element\n' +
    '      const firstElement = gutcheckElements.first();\n' +
    '      const backgroundColor = await firstElement.evaluate(el => {\n' +
    '        return window.getComputedStyle(el).backgroundColor;\n' +
    '      });\n' +
    '      console.log(`🎨 First branded element background: ${backgroundColor}`);\n' +
    '    } else {\n' +
    "      console.log('ℹ️ No Gutcheck branded elements found on this page');\n" +
    '    }\n' +
    '  }',
  test_tags: [],
  test_started_at: '2025-08-05T18:44:15.249Z',
  test_scope: 'BrowserStack Connection Test - should display consistent branding colors',
  test_scopes: [ 'BrowserStack Connection Test' ],
  test_rerun_name: ' -latest:Windows 11-browserstack browserstack-connection.spec.ts BrowserStack Connection Test should display consistent branding colors'
}
2025-08-05 14:44:25 - [32minfo[39m: [GrpcClient] Sending TestSessionEvent
]]>
</system-out>
</testcase>
</testsuite>
<testsuite name="browserstack-public.spec.ts" timestamp="2025-08-05T18:43:37.374Z" hostname="-latest:Windows 11-browserstack" tests="2" failures="2" skipped="0" time="0.077" errors="0">
<testcase name="BrowserStack Public URL Test › should connect to BrowserStack and load a public website" classname="browserstack-public.spec.ts" time="0.042">
<failure message="browserstack-public.spec.ts:4:7 should connect to BrowserStack and load a public website" type="FAILURE">
<![CDATA[  [-latest:Windows 11-browserstack] › browserstack-public.spec.ts:4:7 › BrowserStack Public URL Test › should connect to BrowserStack and load a public website 

    Error: _bidiChromium: expected channel BrowserType
        at Connection._0x43a61e (/Users/coreylipsey/gutcheck-score-mvp/node_modules/browserstack-node-sdk/src/bin/playwright/sessionDetails.js:1:12833)
]]>
</failure>
<system-out>
<![CDATA[2025-08-05 14:44:20 - [32minfo[39m: [BrowserstackCLI] Starting as child process with session ID: e4d07e95-5dda-4e81-9882-c8fe1514f00a
2025-08-05 14:44:20 - [32minfo[39m: [BrowserstackCLI] startChild: client and channel already exist, stopping here
2025-08-05 14:44:20 - [32minfo[39m: [PlaywrightAutomationFramework] trackPlaywrightInstance: created instance for target=36608:0, state=AutomationFrameworkState.CREATE
2025-08-05 14:44:20 - [32minfo[39m: [PlaywrightAutomationFramework] trackPlaywrightInstance: saved instance contextId=0496fb0a54ad9faac53d0e79330464baa6269ace57638ad034e16248675505ee target=36608:0
2025-08-05 14:44:20 - [32minfo[39m: Processed accessibility caps false {"browserstack.user":"coreylipsey_CicmlG","browserstack.key":"qRbyY1vhLqJDjNwJqN7E","build":"bstack-demo","project":"BrowserStack Sample","browserstack.debug":true,"browserstack.console":"info","browserstack.buildIdentifier":"#1","turboScaleOptions":{},"os":"Windows","os_version":11,"browserstack.hostName":"Coreys-MBP","browserstack.browserstackSDK":"Playwright-nodeagent/1.40.6","browserstack.buildProductMap":{"observability":true,"accessibility":false,"percy":false,"automate":true,"app_automate":false},"browserstack.use_w3c":false,"browser":"playwright-firefox","browser_version":"latest","browserstack.testhubBuildUuid":"edzixf7rngb75xnrntdzn0dvsfpqiandmiypr12j","browserstack.local":true,"browserstack.localIdentifier":"Aug_5_1443_Coreys-MBP_4myv"} 
2025-08-05 14:44:30 - [32minfo[39m: [PlaywrightAutomationFramework] trackPlaywrightInstance: instance already exists
2025-08-05 14:44:30 - [32minfo[39m: [PlaywrightAutomationFramework] trackPlaywrightInstance: instance already exists
2025-08-05 14:44:30 - [32minfo[39m: [PlaywrightDriverModule] testId: ebf48cb40e267d4d2a11-e0c62fcf81dd54eea10d
2025-08-05 14:44:30 - [32minfo[39m: [PlaywrightDriverModule] testData from onAfterTest: {
  uuid: '497aec96-00d5-4687-bbe4-52be7825f986',
  test_framework_name: 'Playwright',
  test_framework_version: '1.54.2',
  test_logs: [],
  test_hooks_finished: {},
  test_hooks_started: {},
  test_uuid: '497aec96-00d5-4687-bbe4-52be7825f986',
  test_result: 'pending',
  automate_session_name: 'BrowserStack Public URL Test - should connect to BrowserStack and load a public website',
  test_file_path: '/Users/coreylipsey/gutcheck-score-mvp/tests/browserstack-public.spec.ts',
  test_id: 'ebf48cb40e267d4d2a11-e0c62fcf81dd54eea10d',
  test_name: 'should connect to BrowserStack and load a public website',
  test_location: '/Users/coreylipsey/gutcheck-score-mvp/tests/browserstack-public.spec.ts:4',
  test_code: 'async ({\n' +
    '    page\n' +
    '  }) => {\n' +
    '    var _page$viewportSize, _page$viewportSize2;\n' +
    '    // Navigate to a public website instead of localhost\n' +
    "    await page.goto('https://example.com');\n" +
    '\n' +
    '    // Wait for the page to load\n' +
    "    await page.waitForLoadState('networkidle');\n" +
    '\n' +
    '    // Check that the page loaded successfully\n' +
    '    const title = await page.title();\n' +
    '    (0, _test.expect)(title).toBeTruthy();\n' +
    '\n' +
    '    // Take a screenshot for verification\n' +
    '    await page.screenshot({\n' +
    "      path: 'browserstack-public-test.png'\n" +
    '    });\n' +
    '\n' +
    '    // Check that the page has content\n' +
    "    const bodyText = await page.textContent('body');\n" +
    '    (0, _test.expect)(bodyText).toBeTruthy();\n' +
    "    console.log('✅ BrowserStack connection successful!');\n" +
    '    console.log(`📄 Page title: ${title}`);\n' +
    '    console.log(`📱 Viewport: ${(_page$viewportSize = page.viewportSize()) === null || _page$viewportSize === void 0 ? void 0 : _page$viewportSize.width}x${(_page$viewportSize2 = page.viewportSize()) === null || _page$viewportSize2 === void 0 ? void 0 : _page$viewportSize2.height}`);\n' +
    '    console.log(`🌐 URL: ${page.url()}`);\n' +
    '  }',
  test_tags: [],
  test_started_at: '2025-08-05T18:44:20.725Z',
  test_scope: 'BrowserStack Public URL Test - should connect to BrowserStack and load a public website',
  test_scopes: [ 'BrowserStack Public URL Test' ],
  test_rerun_name: ' -latest:Windows 11-browserstack browserstack-public.spec.ts BrowserStack Public URL Test should connect to BrowserStack and load a public website'
}
2025-08-05 14:44:30 - [32minfo[39m: [GrpcClient] Sending TestSessionEvent
]]>
</system-out>
</testcase>
<testcase name="BrowserStack Public URL Test › should verify browser capabilities" classname="browserstack-public.spec.ts" time="0.035">
<failure message="browserstack-public.spec.ts:28:7 should verify browser capabilities" type="FAILURE">
<![CDATA[  [-latest:Windows 11-browserstack] › browserstack-public.spec.ts:28:7 › BrowserStack Public URL Test › should verify browser capabilities 

    Error: _bidiChromium: expected channel BrowserType
        at Connection._0x43a61e (/Users/coreylipsey/gutcheck-score-mvp/node_modules/browserstack-node-sdk/src/bin/playwright/sessionDetails.js:1:12833)
]]>
</failure>
<system-out>
<![CDATA[2025-08-05 14:44:22 - [32minfo[39m: [BrowserstackCLI] Starting as child process with session ID: e4d07e95-5dda-4e81-9882-c8fe1514f00a
2025-08-05 14:44:22 - [32minfo[39m: [BrowserstackCLI] startChild: client and channel already exist, stopping here
2025-08-05 14:44:22 - [32minfo[39m: [PlaywrightAutomationFramework] trackPlaywrightInstance: created instance for target=36619:0, state=AutomationFrameworkState.CREATE
2025-08-05 14:44:22 - [32minfo[39m: [PlaywrightAutomationFramework] trackPlaywrightInstance: saved instance contextId=b5cc08ea1051c0768f2c3714f76be4bc14a7999ac200e09ddb78410ff9b29508 target=36619:0
2025-08-05 14:44:22 - [32minfo[39m: Processed accessibility caps false {"browserstack.user":"coreylipsey_CicmlG","browserstack.key":"qRbyY1vhLqJDjNwJqN7E","build":"bstack-demo","project":"BrowserStack Sample","browserstack.debug":true,"browserstack.console":"info","browserstack.buildIdentifier":"#1","turboScaleOptions":{},"os":"Windows","os_version":11,"browserstack.hostName":"Coreys-MBP","browserstack.browserstackSDK":"Playwright-nodeagent/1.40.6","browserstack.buildProductMap":{"observability":true,"accessibility":false,"percy":false,"automate":true,"app_automate":false},"browserstack.use_w3c":false,"browser":"playwright-firefox","browser_version":"latest","browserstack.testhubBuildUuid":"edzixf7rngb75xnrntdzn0dvsfpqiandmiypr12j","browserstack.local":true,"browserstack.localIdentifier":"Aug_5_1443_Coreys-MBP_4myv"} 
2025-08-05 14:44:33 - [32minfo[39m: [PlaywrightAutomationFramework] trackPlaywrightInstance: instance already exists
2025-08-05 14:44:33 - [32minfo[39m: [PlaywrightAutomationFramework] trackPlaywrightInstance: instance already exists
2025-08-05 14:44:33 - [32minfo[39m: [PlaywrightDriverModule] testId: ebf48cb40e267d4d2a11-8a39d57697fc87da5834
2025-08-05 14:44:33 - [32minfo[39m: [PlaywrightDriverModule] testData from onAfterTest: {
  uuid: 'b4f20554-6135-4611-a6a7-86d642709b31',
  test_framework_name: 'Playwright',
  test_framework_version: '1.54.2',
  test_logs: [],
  test_hooks_finished: {},
  test_hooks_started: {},
  test_uuid: 'b4f20554-6135-4611-a6a7-86d642709b31',
  test_result: 'pending',
  automate_session_name: 'BrowserStack Public URL Test - should verify browser capabilities',
  test_file_path: '/Users/coreylipsey/gutcheck-score-mvp/tests/browserstack-public.spec.ts',
  test_id: 'ebf48cb40e267d4d2a11-8a39d57697fc87da5834',
  test_name: 'should verify browser capabilities',
  test_location: '/Users/coreylipsey/gutcheck-score-mvp/tests/browserstack-public.spec.ts:28',
  test_code: 'async ({\n' +
    '    page\n' +
    '  }) => {\n' +
    "    await page.goto('https://example.com');\n" +
    '\n' +
    '    // Get browser information\n' +
    '    const userAgent = await page.evaluate(() => navigator.userAgent);\n' +
    '    const viewport = page.viewportSize();\n' +
    '    console.log(`🔍 User Agent: ${userAgent}`);\n' +
    '    console.log(`📐 Viewport: ${viewport === null || viewport === void 0 ? void 0 : viewport.width}x${viewport === null || viewport === void 0 ? void 0 : viewport.height}`);\n' +
    '\n' +
    "    // Verify we're running in a real browser environment\n" +
    "    (0, _test.expect)(userAgent).toContain('Chrome');\n" +
    '    (0, _test.expect)(viewport).toBeTruthy();\n' +
    '  }',
  test_tags: [],
  test_started_at: '2025-08-05T18:44:22.654Z',
  test_scope: 'BrowserStack Public URL Test - should verify browser capabilities',
  test_scopes: [ 'BrowserStack Public URL Test' ],
  test_rerun_name: ' -latest:Windows 11-browserstack browserstack-public.spec.ts BrowserStack Public URL Test should verify browser capabilities'
}
2025-08-05 14:44:33 - [32minfo[39m: [GrpcClient] Sending TestSessionEvent
]]>
</system-out>
</testcase>
</testsuite>
<testsuite name="browserstack-simple.spec.ts" timestamp="2025-08-05T18:43:37.374Z" hostname="-latest:Windows 11-browserstack" tests="3" failures="3" skipped="0" time="0.131" errors="0">
<testcase name="BrowserStack Simple Tests › should load homepage successfully" classname="browserstack-simple.spec.ts" time="0.038">
<failure message="browserstack-simple.spec.ts:4:7 should load homepage successfully" type="FAILURE">
<![CDATA[  [-latest:Windows 11-browserstack] › browserstack-simple.spec.ts:4:7 › BrowserStack Simple Tests › should load homepage successfully 

    Error: _bidiChromium: expected channel BrowserType
        at Connection._0x43a61e (/Users/coreylipsey/gutcheck-score-mvp/node_modules/browserstack-node-sdk/src/bin/playwright/sessionDetails.js:1:12833)
]]>
</failure>
<system-out>
<![CDATA[2025-08-05 14:44:28 - [32minfo[39m: [BrowserstackCLI] Starting as child process with session ID: e4d07e95-5dda-4e81-9882-c8fe1514f00a
2025-08-05 14:44:28 - [32minfo[39m: [BrowserstackCLI] startChild: client and channel already exist, stopping here
2025-08-05 14:44:28 - [32minfo[39m: [PlaywrightAutomationFramework] trackPlaywrightInstance: created instance for target=36634:0, state=AutomationFrameworkState.CREATE
2025-08-05 14:44:29 - [32minfo[39m: [PlaywrightAutomationFramework] trackPlaywrightInstance: saved instance contextId=5fe56340909af43163bbdad15aeab545d9ba8a19c1ffeca4389a56703909480d target=36634:0
2025-08-05 14:44:29 - [32minfo[39m: Processed accessibility caps false {"browserstack.user":"coreylipsey_CicmlG","browserstack.key":"qRbyY1vhLqJDjNwJqN7E","build":"bstack-demo","project":"BrowserStack Sample","browserstack.debug":true,"browserstack.console":"info","browserstack.buildIdentifier":"#1","turboScaleOptions":{},"os":"Windows","os_version":11,"browserstack.hostName":"Coreys-MBP","browserstack.browserstackSDK":"Playwright-nodeagent/1.40.6","browserstack.buildProductMap":{"observability":true,"accessibility":false,"percy":false,"automate":true,"app_automate":false},"browserstack.use_w3c":false,"browser":"playwright-firefox","browser_version":"latest","browserstack.testhubBuildUuid":"edzixf7rngb75xnrntdzn0dvsfpqiandmiypr12j","browserstack.local":true,"browserstack.localIdentifier":"Aug_5_1443_Coreys-MBP_4myv"} 
2025-08-05 14:44:49 - [32minfo[39m: [PlaywrightAutomationFramework] trackPlaywrightInstance: instance already exists
2025-08-05 14:44:49 - [32minfo[39m: [PlaywrightAutomationFramework] trackPlaywrightInstance: instance already exists
2025-08-05 14:44:49 - [32minfo[39m: [PlaywrightDriverModule] testId: 97c431d5d3d14e7f8260-332b4aa16d573128ecdb
2025-08-05 14:44:49 - [32minfo[39m: [PlaywrightDriverModule] testData from onAfterTest: {
  uuid: 'b1eee389-637c-45b6-acaa-72be70df2814',
  test_framework_name: 'Playwright',
  test_framework_version: '1.54.2',
  test_logs: [],
  test_hooks_finished: {},
  test_hooks_started: {},
  test_uuid: 'b1eee389-637c-45b6-acaa-72be70df2814',
  test_result: 'pending',
  automate_session_name: 'BrowserStack Simple Tests - should load homepage successfully',
  test_file_path: '/Users/coreylipsey/gutcheck-score-mvp/tests/browserstack-simple.spec.ts',
  test_id: '97c431d5d3d14e7f8260-332b4aa16d573128ecdb',
  test_name: 'should load homepage successfully',
  test_location: '/Users/coreylipsey/gutcheck-score-mvp/tests/browserstack-simple.spec.ts:4',
  test_code: 'async ({\n' +
    '    page\n' +
    '  }) => {\n' +
    '    var _page$viewportSize, _page$viewportSize2;\n' +
    "    await page.goto('/');\n" +
    "    await page.waitForLoadState('networkidle');\n" +
    '\n' +
    '    // Basic page load verification\n' +
    '    const title = await page.title();\n' +
    '    (0, _test.expect)(title).toBeTruthy();\n' +
    '\n' +
    '    // Check if page has content\n' +
    "    const bodyText = await page.textContent('body');\n" +
    '    (0, _test.expect)(bodyText).toBeTruthy();\n' +
    '\n' +
    '    // Take a screenshot for visual verification\n' +
    '    await page.screenshot({\n' +
    "      path: 'browserstack-homepage.png'\n" +
    '    });\n' +
    '    console.log(`✅ Homepage loaded successfully`);\n' +
    '    console.log(`📄 Page title: ${title}`);\n' +
    '    console.log(`📱 Viewport: ${(_page$viewportSize = page.viewportSize()) === null || _page$viewportSize === void 0 ? void 0 : _page$viewportSize.width}x${(_page$viewportSize2 = page.viewportSize()) === null || _page$viewportSize2 === void 0 ? void 0 : _page$viewportSize2.height}`);\n' +
    '  }',
  test_tags: [],
  test_started_at: '2025-08-05T18:44:28.960Z',
  test_scope: 'BrowserStack Simple Tests - should load homepage successfully',
  test_scopes: [ 'BrowserStack Simple Tests' ],
  test_rerun_name: ' -latest:Windows 11-browserstack browserstack-simple.spec.ts BrowserStack Simple Tests should load homepage successfully'
}
2025-08-05 14:44:49 - [32minfo[39m: [GrpcClient] Sending TestSessionEvent
]]>
</system-out>
</testcase>
<testcase name="BrowserStack Simple Tests › should navigate to assessment page" classname="browserstack-simple.spec.ts" time="0.05">
<failure message="browserstack-simple.spec.ts:24:7 should navigate to assessment page" type="FAILURE">
<![CDATA[  [-latest:Windows 11-browserstack] › browserstack-simple.spec.ts:24:7 › BrowserStack Simple Tests › should navigate to assessment page 

    Error: _bidiChromium: expected channel BrowserType
        at Connection._0x43a61e (/Users/coreylipsey/gutcheck-score-mvp/node_modules/browserstack-node-sdk/src/bin/playwright/sessionDetails.js:1:12833)
]]>
</failure>
<system-out>
<![CDATA[2025-08-05 14:44:33 - [32minfo[39m: [BrowserstackCLI] Starting as child process with session ID: e4d07e95-5dda-4e81-9882-c8fe1514f00a
2025-08-05 14:44:33 - [32minfo[39m: [BrowserstackCLI] startChild: client and channel already exist, stopping here
2025-08-05 14:44:33 - [32minfo[39m: [PlaywrightAutomationFramework] trackPlaywrightInstance: created instance for target=36645:0, state=AutomationFrameworkState.CREATE
2025-08-05 14:44:33 - [32minfo[39m: [PlaywrightAutomationFramework] trackPlaywrightInstance: saved instance contextId=4f24c9318d704b379ede37155fd790059d9fc3f113fc35b9b2f5e79b76dba86e target=36645:0
2025-08-05 14:44:33 - [32minfo[39m: Processed accessibility caps false {"browserstack.user":"coreylipsey_CicmlG","browserstack.key":"qRbyY1vhLqJDjNwJqN7E","build":"bstack-demo","project":"BrowserStack Sample","browserstack.debug":true,"browserstack.console":"info","browserstack.buildIdentifier":"#1","turboScaleOptions":{},"os":"Windows","os_version":11,"browserstack.hostName":"Coreys-MBP","browserstack.browserstackSDK":"Playwright-nodeagent/1.40.6","browserstack.buildProductMap":{"observability":true,"accessibility":false,"percy":false,"automate":true,"app_automate":false},"browserstack.use_w3c":false,"browser":"playwright-firefox","browser_version":"latest","browserstack.testhubBuildUuid":"edzixf7rngb75xnrntdzn0dvsfpqiandmiypr12j","browserstack.local":true,"browserstack.localIdentifier":"Aug_5_1443_Coreys-MBP_4myv"} 
2025-08-05 14:44:44 - [32minfo[39m: [PlaywrightAutomationFramework] trackPlaywrightInstance: instance already exists
2025-08-05 14:44:44 - [32minfo[39m: [PlaywrightAutomationFramework] trackPlaywrightInstance: instance already exists
2025-08-05 14:44:44 - [32minfo[39m: [PlaywrightDriverModule] testId: 97c431d5d3d14e7f8260-4074d8fc801d21b7a6b1
2025-08-05 14:44:44 - [32minfo[39m: [PlaywrightDriverModule] testData from onAfterTest: {
  uuid: 'aaad59a4-0ec8-41c6-b498-4f0d4954cb86',
  test_framework_name: 'Playwright',
  test_framework_version: '1.54.2',
  test_logs: [],
  test_hooks_finished: {},
  test_hooks_started: {},
  test_uuid: 'aaad59a4-0ec8-41c6-b498-4f0d4954cb86',
  test_result: 'pending',
  automate_session_name: 'BrowserStack Simple Tests - should navigate to assessment page',
  test_file_path: '/Users/coreylipsey/gutcheck-score-mvp/tests/browserstack-simple.spec.ts',
  test_id: '97c431d5d3d14e7f8260-4074d8fc801d21b7a6b1',
  test_name: 'should navigate to assessment page',
  test_location: '/Users/coreylipsey/gutcheck-score-mvp/tests/browserstack-simple.spec.ts:24',
  test_code: 'async ({\n' +
    '    page\n' +
    '  }) => {\n' +
    "    await page.goto('/assessment');\n" +
    "    await page.waitForLoadState('networkidle');\n" +
    '\n' +
    '    // Check if assessment page loads\n' +
    '    const title = await page.title();\n' +
    '    (0, _test.expect)(title).toBeTruthy();\n' +
    '\n' +
    '    // Look for assessment-specific content\n' +
    "    const assessmentContent = await page.textContent('body');\n" +
    '    (0, _test.expect)(assessmentContent).toBeTruthy();\n' +
    '    await page.screenshot({\n' +
    "      path: 'browserstack-assessment.png'\n" +
    '    });\n' +
    '    console.log(`✅ Assessment page loaded successfully`);\n' +
    '    console.log(`📄 Page title: ${title}`);\n' +
    '  }',
  test_tags: [],
  test_started_at: '2025-08-05T18:44:33.682Z',
  test_scope: 'BrowserStack Simple Tests - should navigate to assessment page',
  test_scopes: [ 'BrowserStack Simple Tests' ],
  test_rerun_name: ' -latest:Windows 11-browserstack browserstack-simple.spec.ts BrowserStack Simple Tests should navigate to assessment page'
}
2025-08-05 14:44:44 - [32minfo[39m: [GrpcClient] Sending TestSessionEvent
]]>
</system-out>
</testcase>
<testcase name="BrowserStack Simple Tests › should display consistent branding" classname="browserstack-simple.spec.ts" time="0.043">
<failure message="browserstack-simple.spec.ts:42:7 should display consistent branding" type="FAILURE">
<![CDATA[  [-latest:Windows 11-browserstack] › browserstack-simple.spec.ts:42:7 › BrowserStack Simple Tests › should display consistent branding 

    Error: _bidiChromium: expected channel BrowserType
        at Connection._0x43a61e (/Users/coreylipsey/gutcheck-score-mvp/node_modules/browserstack-node-sdk/src/bin/playwright/sessionDetails.js:1:12833)
]]>
</failure>
<system-out>
<![CDATA[2025-08-05 14:44:36 - [32minfo[39m: [BrowserstackCLI] Starting as child process with session ID: e4d07e95-5dda-4e81-9882-c8fe1514f00a
2025-08-05 14:44:36 - [32minfo[39m: [BrowserstackCLI] startChild: client and channel already exist, stopping here
2025-08-05 14:44:36 - [32minfo[39m: [PlaywrightAutomationFramework] trackPlaywrightInstance: created instance for target=36658:0, state=AutomationFrameworkState.CREATE
2025-08-05 14:44:36 - [32minfo[39m: [PlaywrightAutomationFramework] trackPlaywrightInstance: saved instance contextId=11e13cd13aa2db2b1580519783cc4194b91cadabb889f9a2438a2a37cd2d217e target=36658:0
2025-08-05 14:44:36 - [32minfo[39m: Processed accessibility caps false {"browserstack.user":"coreylipsey_CicmlG","browserstack.key":"qRbyY1vhLqJDjNwJqN7E","build":"bstack-demo","project":"BrowserStack Sample","browserstack.debug":true,"browserstack.console":"info","browserstack.buildIdentifier":"#1","turboScaleOptions":{},"os":"Windows","os_version":11,"browserstack.hostName":"Coreys-MBP","browserstack.browserstackSDK":"Playwright-nodeagent/1.40.6","browserstack.buildProductMap":{"observability":true,"accessibility":false,"percy":false,"automate":true,"app_automate":false},"browserstack.use_w3c":false,"browser":"playwright-firefox","browser_version":"latest","browserstack.testhubBuildUuid":"edzixf7rngb75xnrntdzn0dvsfpqiandmiypr12j","browserstack.local":true,"browserstack.localIdentifier":"Aug_5_1443_Coreys-MBP_4myv"} 
2025-08-05 14:44:47 - [32minfo[39m: [PlaywrightAutomationFramework] trackPlaywrightInstance: instance already exists
2025-08-05 14:44:47 - [32minfo[39m: [PlaywrightAutomationFramework] trackPlaywrightInstance: instance already exists
2025-08-05 14:44:47 - [32minfo[39m: [PlaywrightDriverModule] testId: 97c431d5d3d14e7f8260-85ef5dc1966149cc9cf8
2025-08-05 14:44:47 - [32minfo[39m: [PlaywrightDriverModule] testData from onAfterTest: {
  uuid: 'b3a8746c-8850-445d-baaa-6341a4ef0c39',
  test_framework_name: 'Playwright',
  test_framework_version: '1.54.2',
  test_logs: [],
  test_hooks_finished: {},
  test_hooks_started: {},
  test_uuid: 'b3a8746c-8850-445d-baaa-6341a4ef0c39',
  test_result: 'pending',
  automate_session_name: 'BrowserStack Simple Tests - should display consistent branding',
  test_file_path: '/Users/coreylipsey/gutcheck-score-mvp/tests/browserstack-simple.spec.ts',
  test_id: '97c431d5d3d14e7f8260-85ef5dc1966149cc9cf8',
  test_name: 'should display consistent branding',
  test_location: '/Users/coreylipsey/gutcheck-score-mvp/tests/browserstack-simple.spec.ts:42',
  test_code: 'async ({\n' +
    '    page\n' +
    '  }) => {\n' +
    "    await page.goto('/');\n" +
    '\n' +
    '    // Check for Gutcheck branding elements\n' +
    `    const gutcheckElements = page.locator('[class*="gutcheck"], [class*="bg-gutcheck"]');\n` +
    '    const elementCount = await gutcheckElements.count();\n' +
    '    if (elementCount > 0) {\n' +
    '      console.log(`🎨 Found ${elementCount} Gutcheck branded elements`);\n' +
    '\n' +
    '      // Check the first branded element\n' +
    '      const firstElement = gutcheckElements.first();\n' +
    '      const backgroundColor = await firstElement.evaluate(el => {\n' +
    '        return window.getComputedStyle(el).backgroundColor;\n' +
    '      });\n' +
    '      console.log(`🎨 First branded element background: ${backgroundColor}`);\n' +
    '      (0, _test.expect)(backgroundColor).toBeTruthy();\n' +
    '    } else {\n' +
    "      console.log('ℹ️ No Gutcheck branded elements found on this page');\n" +
    '    }\n' +
    '    await page.screenshot({\n' +
    "      path: 'browserstack-branding.png'\n" +
    '    });\n' +
    '  }',
  test_tags: [],
  test_started_at: '2025-08-05T18:44:36.800Z',
  test_scope: 'BrowserStack Simple Tests - should display consistent branding',
  test_scopes: [ 'BrowserStack Simple Tests' ],
  test_rerun_name: ' -latest:Windows 11-browserstack browserstack-simple.spec.ts BrowserStack Simple Tests should display consistent branding'
}
2025-08-05 14:44:47 - [32minfo[39m: [GrpcClient] Sending TestSessionEvent
]]>
</system-out>
</testcase>
</testsuite>
<testsuite name="browserstack-traditional.spec.ts" timestamp="2025-08-05T18:43:37.374Z" hostname="-latest:Windows 11-browserstack" tests="3" failures="3" skipped="0" time="0.141" errors="0">
<testcase name="BrowserStack Traditional Tests › should load homepage successfully" classname="browserstack-traditional.spec.ts" time="0.051">
<failure message="browserstack-traditional.spec.ts:4:7 should load homepage successfully" type="FAILURE">
<![CDATA[  [-latest:Windows 11-browserstack] › browserstack-traditional.spec.ts:4:7 › BrowserStack Traditional Tests › should load homepage successfully 

    Error: _bidiChromium: expected channel BrowserType
        at Connection._0x43a61e (/Users/coreylipsey/gutcheck-score-mvp/node_modules/browserstack-node-sdk/src/bin/playwright/sessionDetails.js:1:12833)
]]>
</failure>
<system-out>
<![CDATA[2025-08-05 14:44:47 - [32minfo[39m: [BrowserstackCLI] Starting as child process with session ID: e4d07e95-5dda-4e81-9882-c8fe1514f00a
2025-08-05 14:44:47 - [32minfo[39m: [BrowserstackCLI] startChild: client and channel already exist, stopping here
2025-08-05 14:44:47 - [32minfo[39m: [PlaywrightAutomationFramework] trackPlaywrightInstance: created instance for target=36676:0, state=AutomationFrameworkState.CREATE
2025-08-05 14:44:47 - [32minfo[39m: [PlaywrightAutomationFramework] trackPlaywrightInstance: saved instance contextId=6e1411f2053ae9ce8dae531ecd53a977acb4dd62c6063de16c5c2052472cfbb7 target=36676:0
2025-08-05 14:44:47 - [32minfo[39m: Processed accessibility caps false {"browserstack.user":"coreylipsey_CicmlG","browserstack.key":"qRbyY1vhLqJDjNwJqN7E","build":"bstack-demo","project":"BrowserStack Sample","browserstack.debug":true,"browserstack.console":"info","browserstack.buildIdentifier":"#1","turboScaleOptions":{},"os":"Windows","os_version":11,"browserstack.hostName":"Coreys-MBP","browserstack.browserstackSDK":"Playwright-nodeagent/1.40.6","browserstack.buildProductMap":{"observability":true,"accessibility":false,"percy":false,"automate":true,"app_automate":false},"browserstack.use_w3c":false,"browser":"playwright-firefox","browser_version":"latest","browserstack.testhubBuildUuid":"edzixf7rngb75xnrntdzn0dvsfpqiandmiypr12j","browserstack.local":true,"browserstack.localIdentifier":"Aug_5_1443_Coreys-MBP_4myv"} 
2025-08-05 14:44:56 - [32minfo[39m: [PlaywrightAutomationFramework] trackPlaywrightInstance: instance already exists
2025-08-05 14:44:56 - [32minfo[39m: [PlaywrightAutomationFramework] trackPlaywrightInstance: instance already exists
2025-08-05 14:44:56 - [32minfo[39m: [PlaywrightDriverModule] testId: 5341f8408f38eeb41a40-ec99a909538bf01ede8b
2025-08-05 14:44:56 - [32minfo[39m: [PlaywrightDriverModule] testData from onAfterTest: {
  uuid: '378f891d-30ff-4ba6-88df-42be74ad9f97',
  test_framework_name: 'Playwright',
  test_framework_version: '1.54.2',
  test_logs: [],
  test_hooks_finished: {},
  test_hooks_started: {},
  test_uuid: '378f891d-30ff-4ba6-88df-42be74ad9f97',
  test_result: 'pending',
  automate_session_name: 'BrowserStack Traditional Tests - should load homepage successfully',
  test_file_path: '/Users/coreylipsey/gutcheck-score-mvp/tests/browserstack-traditional.spec.ts',
  test_id: '5341f8408f38eeb41a40-ec99a909538bf01ede8b',
  test_name: 'should load homepage successfully',
  test_location: '/Users/coreylipsey/gutcheck-score-mvp/tests/browserstack-traditional.spec.ts:4',
  test_code: 'async ({\n' +
    '    page\n' +
    '  }) => {\n' +
    '    var _page$viewportSize, _page$viewportSize2;\n' +
    "    await page.goto('/');\n" +
    "    await page.waitForLoadState('networkidle');\n" +
    '\n' +
    '    // Basic page load verification\n' +
    '    const title = await page.title();\n' +
    '    (0, _test.expect)(title).toBeTruthy();\n' +
    '\n' +
    '    // Check if page has content\n' +
    "    const bodyText = await page.textContent('body');\n" +
    '    (0, _test.expect)(bodyText).toBeTruthy();\n' +
    '\n' +
    '    // Take a screenshot for visual verification\n' +
    '    await page.screenshot({\n' +
    "      path: 'browserstack-homepage.png'\n" +
    '    });\n' +
    '    console.log(`✅ Homepage loaded successfully`);\n' +
    '    console.log(`📄 Page title: ${title}`);\n' +
    '    console.log(`📱 Viewport: ${(_page$viewportSize = page.viewportSize()) === null || _page$viewportSize === void 0 ? void 0 : _page$viewportSize.width}x${(_page$viewportSize2 = page.viewportSize()) === null || _page$viewportSize2 === void 0 ? void 0 : _page$viewportSize2.height}`);\n' +
    '  }',
  test_tags: [],
  test_started_at: '2025-08-05T18:44:47.187Z',
  test_scope: 'BrowserStack Traditional Tests - should load homepage successfully',
  test_scopes: [ 'BrowserStack Traditional Tests' ],
  test_rerun_name: ' -latest:Windows 11-browserstack browserstack-traditional.spec.ts BrowserStack Traditional Tests should load homepage successfully'
}
2025-08-05 14:44:56 - [32minfo[39m: [GrpcClient] Sending TestSessionEvent
]]>
</system-out>
</testcase>
<testcase name="BrowserStack Traditional Tests › should navigate to assessment page" classname="browserstack-traditional.spec.ts" time="0.046">
<failure message="browserstack-traditional.spec.ts:24:7 should navigate to assessment page" type="FAILURE">
<![CDATA[  [-latest:Windows 11-browserstack] › browserstack-traditional.spec.ts:24:7 › BrowserStack Traditional Tests › should navigate to assessment page 

    Error: _bidiChromium: expected channel BrowserType
        at Connection._0x43a61e (/Users/coreylipsey/gutcheck-score-mvp/node_modules/browserstack-node-sdk/src/bin/playwright/sessionDetails.js:1:12833)
]]>
</failure>
<system-out>
<![CDATA[2025-08-05 14:44:51 - [32minfo[39m: [BrowserstackCLI] Starting as child process with session ID: e4d07e95-5dda-4e81-9882-c8fe1514f00a
2025-08-05 14:44:51 - [32minfo[39m: [BrowserstackCLI] startChild: client and channel already exist, stopping here
2025-08-05 14:44:51 - [32minfo[39m: [PlaywrightAutomationFramework] trackPlaywrightInstance: created instance for target=36687:0, state=AutomationFrameworkState.CREATE
2025-08-05 14:44:51 - [32minfo[39m: [PlaywrightAutomationFramework] trackPlaywrightInstance: saved instance contextId=4468712d34d753157daa5b56e2e36ea3e12227d18004d87d3351b755fa7106f2 target=36687:0
2025-08-05 14:44:51 - [32minfo[39m: Processed accessibility caps false {"browserstack.user":"coreylipsey_CicmlG","browserstack.key":"qRbyY1vhLqJDjNwJqN7E","build":"bstack-demo","project":"BrowserStack Sample","browserstack.debug":true,"browserstack.console":"info","browserstack.buildIdentifier":"#1","turboScaleOptions":{},"os":"Windows","os_version":11,"browserstack.hostName":"Coreys-MBP","browserstack.browserstackSDK":"Playwright-nodeagent/1.40.6","browserstack.buildProductMap":{"observability":true,"accessibility":false,"percy":false,"automate":true,"app_automate":false},"browserstack.use_w3c":false,"browser":"playwright-firefox","browser_version":"latest","browserstack.testhubBuildUuid":"edzixf7rngb75xnrntdzn0dvsfpqiandmiypr12j","browserstack.local":true,"browserstack.localIdentifier":"Aug_5_1443_Coreys-MBP_4myv"} 
2025-08-05 14:45:21 - [32minfo[39m: [PlaywrightAutomationFramework] trackPlaywrightInstance: instance already exists
2025-08-05 14:45:21 - [32minfo[39m: [PlaywrightAutomationFramework] trackPlaywrightInstance: instance already exists
2025-08-05 14:45:21 - [32minfo[39m: [PlaywrightDriverModule] testId: 5341f8408f38eeb41a40-d60d92b4bac91a27d02f
2025-08-05 14:45:21 - [32minfo[39m: [PlaywrightDriverModule] testData from onAfterTest: {
  uuid: 'a7ce65e2-6ffc-4dae-9647-9a172470ff6e',
  test_framework_name: 'Playwright',
  test_framework_version: '1.54.2',
  test_logs: [],
  test_hooks_finished: {},
  test_hooks_started: {},
  test_uuid: 'a7ce65e2-6ffc-4dae-9647-9a172470ff6e',
  test_result: 'pending',
  automate_session_name: 'BrowserStack Traditional Tests - should navigate to assessment page',
  test_file_path: '/Users/coreylipsey/gutcheck-score-mvp/tests/browserstack-traditional.spec.ts',
  test_id: '5341f8408f38eeb41a40-d60d92b4bac91a27d02f',
  test_name: 'should navigate to assessment page',
  test_location: '/Users/coreylipsey/gutcheck-score-mvp/tests/browserstack-traditional.spec.ts:24',
  test_code: 'async ({\n' +
    '    page\n' +
    '  }) => {\n' +
    "    await page.goto('/assessment');\n" +
    "    await page.waitForLoadState('networkidle');\n" +
    '\n' +
    '    // Check if assessment page loads\n' +
    '    const title = await page.title();\n' +
    '    (0, _test.expect)(title).toBeTruthy();\n' +
    '\n' +
    '    // Look for assessment-specific content\n' +
    "    const assessmentContent = await page.textContent('body');\n" +
    '    (0, _test.expect)(assessmentContent).toBeTruthy();\n' +
    '    await page.screenshot({\n' +
    "      path: 'browserstack-assessment.png'\n" +
    '    });\n' +
    '    console.log(`✅ Assessment page loaded successfully`);\n' +
    '    console.log(`📄 Page title: ${title}`);\n' +
    '  }',
  test_tags: [],
  test_started_at: '2025-08-05T18:44:51.163Z',
  test_scope: 'BrowserStack Traditional Tests - should navigate to assessment page',
  test_scopes: [ 'BrowserStack Traditional Tests' ],
  test_rerun_name: ' -latest:Windows 11-browserstack browserstack-traditional.spec.ts BrowserStack Traditional Tests should navigate to assessment page'
}
2025-08-05 14:45:21 - [32minfo[39m: [GrpcClient] Sending TestSessionEvent
]]>
</system-out>
</testcase>
<testcase name="BrowserStack Traditional Tests › should display consistent branding" classname="browserstack-traditional.spec.ts" time="0.044">
<failure message="browserstack-traditional.spec.ts:42:7 should display consistent branding" type="FAILURE">
<![CDATA[  [-latest:Windows 11-browserstack] › browserstack-traditional.spec.ts:42:7 › BrowserStack Traditional Tests › should display consistent branding 

    Error: _bidiChromium: expected channel BrowserType
        at Connection._0x43a61e (/Users/coreylipsey/gutcheck-score-mvp/node_modules/browserstack-node-sdk/src/bin/playwright/sessionDetails.js:1:12833)
]]>
</failure>
<system-out>
<![CDATA[2025-08-05 14:44:52 - [32minfo[39m: [BrowserstackCLI] Starting as child process with session ID: e4d07e95-5dda-4e81-9882-c8fe1514f00a
2025-08-05 14:44:52 - [32minfo[39m: [BrowserstackCLI] startChild: client and channel already exist, stopping here
2025-08-05 14:44:52 - [32minfo[39m: [PlaywrightAutomationFramework] trackPlaywrightInstance: created instance for target=36690:0, state=AutomationFrameworkState.CREATE
2025-08-05 14:44:52 - [32minfo[39m: [PlaywrightAutomationFramework] trackPlaywrightInstance: saved instance contextId=073f63cea990e5d434b3a5aaec49e1b6572000661a765ba319f03d4e249330c3 target=36690:0
[...]
2025-08-05 14:48:24 - [32minfo[39m: [PlaywrightAutomationFramework] trackPlaywrightInstance: saved instance contextId=a7fef7a7cde68b57348e07896343d2024c36360008afc32e4c18f2aa8da017c2 target=37143:0
2025-08-05 14:48:24 - [32minfo[39m: Processed accessibility caps false {"browserstack.user":"coreylipsey_CicmlG","browserstack.key":"qRbyY1vhLqJDjNwJqN7E","build":"bstack-demo","project":"BrowserStack Sample","browserstack.debug":true,"browserstack.console":"info","browserstack.buildIdentifier":"#1","turboScaleOptions":{},"os":"Windows","os_version":11,"browserstack.hostName":"Coreys-MBP","browserstack.browserstackSDK":"Playwright-nodeagent/1.40.6","browserstack.buildProductMap":{"observability":true,"accessibility":false,"percy":false,"automate":true,"app_automate":false},"browserstack.use_w3c":false,"browser":"chrome","browser_version":"latest","browserstack.testhubBuildUuid":"edzixf7rngb75xnrntdzn0dvsfpqiandmiypr12j","browserstack.local":true,"browserstack.localIdentifier":"Aug_5_1443_Coreys-MBP_4myv"} 
2025-08-05 14:48:42 - [32minfo[39m: [PlaywrightAutomationFramework] trackPlaywrightInstance: instance already exists
2025-08-05 14:48:42 - [32minfo[39m: [PlaywrightAutomationFramework] trackPlaywrightInstance: instance already exists
2025-08-05 14:48:42 - [32minfo[39m: [PlaywrightDriverModule] testId: 97c431d5d3d14e7f8260-b2374f3c60716f80f5cc
2025-08-05 14:48:42 - [32minfo[39m: [PlaywrightDriverModule] testData from onAfterTest: {
  uuid: '33429120-3137-4ade-a233-29deaf496636',
  test_framework_name: 'Playwright',
  test_framework_version: '1.54.2',
  test_logs: [],
  test_hooks_finished: {},
  test_hooks_started: {},
  test_uuid: '33429120-3137-4ade-a233-29deaf496636',
  test_result: 'pending',
  automate_session_name: 'BrowserStack Simple Tests - should load homepage successfully',
  test_file_path: '/Users/coreylipsey/gutcheck-score-mvp/tests/browserstack-simple.spec.ts',
  test_id: '97c431d5d3d14e7f8260-b2374f3c60716f80f5cc',
  test_name: 'should load homepage successfully',
  test_location: '/Users/coreylipsey/gutcheck-score-mvp/tests/browserstack-simple.spec.ts:4',
  test_code: 'async ({\n' +
    '    page\n' +
    '  }) => {\n' +
    '    var _page$viewportSize, _page$viewportSize2;\n' +
    "    await page.goto('/');\n" +
    "    await page.waitForLoadState('networkidle');\n" +
    '\n' +
    '    // Basic page load verification\n' +
    '    const title = await page.title();\n' +
    '    (0, _test.expect)(title).toBeTruthy();\n' +
    '\n' +
    '    // Check if page has content\n' +
    "    const bodyText = await page.textContent('body');\n" +
    '    (0, _test.expect)(bodyText).toBeTruthy();\n' +
    '\n' +
    '    // Take a screenshot for visual verification\n' +
    '    await page.screenshot({\n' +
    "      path: 'browserstack-homepage.png'\n" +
    '    });\n' +
    '    console.log(`✅ Homepage loaded successfully`);\n' +
    '    console.log(`📄 Page title: ${title}`);\n' +
    '    console.log(`📱 Viewport: ${(_page$viewportSize = page.viewportSize()) === null || _page$viewportSize === void 0 ? void 0 : _page$viewportSize.width}x${(_page$viewportSize2 = page.viewportSize()) === null || _page$viewportSize2 === void 0 ? void 0 : _page$viewportSize2.height}`);\n' +
    '  }',
  test_tags: [],
  test_started_at: '2025-08-05T18:48:24.183Z',
  test_scope: 'BrowserStack Simple Tests - should load homepage successfully',
  test_scopes: [ 'BrowserStack Simple Tests' ],
  test_rerun_name: ' -latest:Windows 11-browserstack browserstack-simple.spec.ts BrowserStack Simple Tests should load homepage successfully'
}
2025-08-05 14:48:42 - [32minfo[39m: [GrpcClient] Sending TestSessionEvent
]]>
</system-out>
</testcase>
<testcase name="BrowserStack Simple Tests › should navigate to assessment page" classname="browserstack-simple.spec.ts" time="0.069">
<failure message="browserstack-simple.spec.ts:24:7 should navigate to assessment page" type="FAILURE">
<![CDATA[  [-latest:Windows 11-browserstack] › browserstack-simple.spec.ts:24:7 › BrowserStack Simple Tests › should navigate to assessment page 

    Error: _bidiChromium: expected channel BrowserType
        at Connection._0x43a61e (/Users/coreylipsey/gutcheck-score-mvp/node_modules/browserstack-node-sdk/src/bin/playwright/sessionDetails.js:1:12833)
]]>
</failure>
<system-out>
<![CDATA[2025-08-05 14:48:24 - [32minfo[39m: [BrowserstackCLI] Starting as child process with session ID: e4d07e95-5dda-4e81-9882-c8fe1514f00a
2025-08-05 14:48:24 - [32minfo[39m: [BrowserstackCLI] startChild: client and channel already exist, stopping here
2025-08-05 14:48:24 - [32minfo[39m: [PlaywrightAutomationFramework] trackPlaywrightInstance: created instance for target=37144:0, state=AutomationFrameworkState.CREATE
2025-08-05 14:48:24 - [32minfo[39m: [PlaywrightAutomationFramework] trackPlaywrightInstance: saved instance contextId=e3d88755698bbdbe1ba8709298bd12e48be53fe7fb38e896ecb258e741ec0968 target=37144:0
2025-08-05 14:48:24 - [32minfo[39m: Processed accessibility caps false {"browserstack.user":"coreylipsey_CicmlG","browserstack.key":"qRbyY1vhLqJDjNwJqN7E","build":"bstack-demo","project":"BrowserStack Sample","browserstack.debug":true,"browserstack.console":"info","browserstack.buildIdentifier":"#1","turboScaleOptions":{},"os":"Windows","os_version":11,"browserstack.hostName":"Coreys-MBP","browserstack.browserstackSDK":"Playwright-nodeagent/1.40.6","browserstack.buildProductMap":{"observability":true,"accessibility":false,"percy":false,"automate":true,"app_automate":false},"browserstack.use_w3c":false,"browser":"chrome","browser_version":"latest","browserstack.testhubBuildUuid":"edzixf7rngb75xnrntdzn0dvsfpqiandmiypr12j","browserstack.local":true,"browserstack.localIdentifier":"Aug_5_1443_Coreys-MBP_4myv"} 
2025-08-05 14:48:33 - [32minfo[39m: [PlaywrightAutomationFramework] trackPlaywrightInstance: instance already exists
2025-08-05 14:48:33 - [32minfo[39m: [PlaywrightAutomationFramework] trackPlaywrightInstance: instance already exists
2025-08-05 14:48:33 - [32minfo[39m: [PlaywrightDriverModule] testId: 97c431d5d3d14e7f8260-67a3103197faca88a36d
2025-08-05 14:48:33 - [32minfo[39m: [PlaywrightDriverModule] testData from onAfterTest: {
  uuid: 'b3598b6a-4624-4956-8b52-cfeab81264e0',
  test_framework_name: 'Playwright',
  test_framework_version: '1.54.2',
  test_logs: [],
  test_hooks_finished: {},
  test_hooks_started: {},
  test_uuid: 'b3598b6a-4624-4956-8b52-cfeab81264e0',
  test_result: 'pending',
  automate_session_name: 'BrowserStack Simple Tests - should navigate to assessment page',
  test_file_path: '/Users/coreylipsey/gutcheck-score-mvp/tests/browserstack-simple.spec.ts',
  test_id: '97c431d5d3d14e7f8260-67a3103197faca88a36d',
  test_name: 'should navigate to assessment page',
  test_location: '/Users/coreylipsey/gutcheck-score-mvp/tests/browserstack-simple.spec.ts:24',
  test_code: 'async ({\n' +
    '    page\n' +
    '  }) => {\n' +
    "    await page.goto('/assessment');\n" +
    "    await page.waitForLoadState('networkidle');\n" +
    '\n' +
    '    // Check if assessment page loads\n' +
    '    const title = await page.title();\n' +
    '    (0, _test.expect)(title).toBeTruthy();\n' +
    '\n' +
    '    // Look for assessment-specific content\n' +
    "    const assessmentContent = await page.textContent('body');\n" +
    '    (0, _test.expect)(assessmentContent).toBeTruthy();\n' +
    '    await page.screenshot({\n' +
    "      path: 'browserstack-assessment.png'\n" +
    '    });\n' +
    '    console.log(`✅ Assessment page loaded successfully`);\n' +
    '    console.log(`📄 Page title: ${title}`);\n' +
    '  }',
  test_tags: [],
  test_started_at: '2025-08-05T18:48:24.170Z',
  test_scope: 'BrowserStack Simple Tests - should navigate to assessment page',
  test_scopes: [ 'BrowserStack Simple Tests' ],
  test_rerun_name: ' -latest:Windows 11-browserstack browserstack-simple.spec.ts BrowserStack Simple Tests should navigate to assessment page'
}
2025-08-05 14:48:33 - [32minfo[39m: [GrpcClient] Sending TestSessionEvent
]]>
</system-out>
</testcase>
<testcase name="BrowserStack Simple Tests › should display consistent branding" classname="browserstack-simple.spec.ts" time="0.041">
<failure message="browserstack-simple.spec.ts:42:7 should display consistent branding" type="FAILURE">
<![CDATA[  [-latest:Windows 11-browserstack] › browserstack-simple.spec.ts:42:7 › BrowserStack Simple Tests › should display consistent branding 

    Error: _bidiChromium: expected channel BrowserType
        at Connection._0x43a61e (/Users/coreylipsey/gutcheck-score-mvp/node_modules/browserstack-node-sdk/src/bin/playwright/sessionDetails.js:1:12833)
]]>
</failure>
<system-out>
<![CDATA[2025-08-05 14:48:25 - [32minfo[39m: [BrowserstackCLI] Starting as child process with session ID: e4d07e95-5dda-4e81-9882-c8fe1514f00a
2025-08-05 14:48:25 - [32minfo[39m: [BrowserstackCLI] startChild: client and channel already exist, stopping here
2025-08-05 14:48:25 - [32minfo[39m: [PlaywrightAutomationFramework] trackPlaywrightInstance: created instance for target=37154:0, state=AutomationFrameworkState.CREATE
2025-08-05 14:48:25 - [32minfo[39m: [PlaywrightAutomationFramework] trackPlaywrightInstance: saved instance contextId=7ab70c008c2c382b578ecb7979a4660a4b3cfdcae6050ab12ea3e0b524507d9c target=37154:0
2025-08-05 14:48:25 - [32minfo[39m: Processed accessibility caps false {"browserstack.user":"coreylipsey_CicmlG","browserstack.key":"qRbyY1vhLqJDjNwJqN7E","build":"bstack-demo","project":"BrowserStack Sample","browserstack.debug":true,"browserstack.console":"info","browserstack.buildIdentifier":"#1","turboScaleOptions":{},"os":"Windows","os_version":11,"browserstack.hostName":"Coreys-MBP","browserstack.browserstackSDK":"Playwright-nodeagent/1.40.6","browserstack.buildProductMap":{"observability":true,"accessibility":false,"percy":false,"automate":true,"app_automate":false},"browserstack.use_w3c":false,"browser":"chrome","browser_version":"latest","browserstack.testhubBuildUuid":"edzixf7rngb75xnrntdzn0dvsfpqiandmiypr12j","browserstack.local":true,"browserstack.localIdentifier":"Aug_5_1443_Coreys-MBP_4myv"} 
2025-08-05 14:48:38 - [32minfo[39m: [PlaywrightAutomationFramework] trackPlaywrightInstance: instance already exists
2025-08-05 14:48:38 - [32minfo[39m: [PlaywrightAutomationFramework] trackPlaywrightInstance: instance already exists
2025-08-05 14:48:38 - [32minfo[39m: [PlaywrightDriverModule] testId: 97c431d5d3d14e7f8260-e4c0075dfd15c9466164
2025-08-05 14:48:38 - [32minfo[39m: [PlaywrightDriverModule] testData from onAfterTest: {
  uuid: 'c8f7e621-d21a-427d-893d-1dfe46a78da3',
  test_framework_name: 'Playwright',
  test_framework_version: '1.54.2',
  test_logs: [],
  test_hooks_finished: {},
  test_hooks_started: {},
  test_uuid: 'c8f7e621-d21a-427d-893d-1dfe46a78da3',
  test_result: 'pending',
  automate_session_name: 'BrowserStack Simple Tests - should display consistent branding',
  test_file_path: '/Users/coreylipsey/gutcheck-score-mvp/tests/browserstack-simple.spec.ts',
  test_id: '97c431d5d3d14e7f8260-e4c0075dfd15c9466164',
  test_name: 'should display consistent branding',
  test_location: '/Users/coreylipsey/gutcheck-score-mvp/tests/browserstack-simple.spec.ts:42',
  test_code: 'async ({\n' +
    '    page\n' +
    '  }) => {\n' +
    "    await page.goto('/');\n" +
    '\n' +
    '    // Check for Gutcheck branding elements\n' +
    `    const gutcheckElements = page.locator('[class*="gutcheck"], [class*="bg-gutcheck"]');\n` +
    '    const elementCount = await gutcheckElements.count();\n' +
    '    if (elementCount > 0) {\n' +
    '      console.log(`🎨 Found ${elementCount} Gutcheck branded elements`);\n' +
    '\n' +
    '      // Check the first branded element\n' +
    '      const firstElement = gutcheckElements.first();\n' +
    '      const backgroundColor = await firstElement.evaluate(el => {\n' +
    '        return window.getComputedStyle(el).backgroundColor;\n' +
    '      });\n' +
    '      console.log(`🎨 First branded element background: ${backgroundColor}`);\n' +
    '      (0, _test.expect)(backgroundColor).toBeTruthy();\n' +
    '    } else {\n' +
    "      console.log('ℹ️ No Gutcheck branded elements found on this page');\n" +
    '    }\n' +
    '    await page.screenshot({\n' +
    "      path: 'browserstack-branding.png'\n" +
    '    });\n' +
    '  }',
  test_tags: [],
  test_started_at: '2025-08-05T18:48:25.297Z',
  test_scope: 'BrowserStack Simple Tests - should display consistent branding',
  test_scopes: [ 'BrowserStack Simple Tests' ],
  test_rerun_name: ' -latest:Windows 11-browserstack browserstack-simple.spec.ts BrowserStack Simple Tests should display consistent branding'
}
2025-08-05 14:48:38 - [32minfo[39m: [GrpcClient] Sending TestSessionEvent
]]>
</system-out>
</testcase>
</testsuite>
<testsuite name="browserstack-traditional.spec.ts" timestamp="2025-08-05T18:43:37.374Z" hostname="-latest:Windows 11-browserstack" tests="3" failures="1" skipped="2" time="0.107" errors="0">
<testcase name="BrowserStack Traditional Tests › should load homepage successfully" classname="browserstack-traditional.spec.ts" time="0.043">
<failure message="browserstack-traditional.spec.ts:4:7 should load homepage successfully" type="FAILURE">
<![CDATA[  [-latest:Windows 11-browserstack] › browserstack-traditional.spec.ts:4:7 › BrowserStack Traditional Tests › should load homepage successfully 

    Error: _bidiChromium: expected channel BrowserType
        at Connection._0x43a61e (/Users/coreylipsey/gutcheck-score-mvp/node_modules/browserstack-node-sdk/src/bin/playwright/sessionDetails.js:1:12833)
]]>
</failure>
<system-out>
<![CDATA[2025-08-05 14:48:37 - [32minfo[39m: [BrowserstackCLI] Starting as child process with session ID: e4d07e95-5dda-4e81-9882-c8fe1514f00a
2025-08-05 14:48:37 - [32minfo[39m: [BrowserstackCLI] startChild: client and channel already exist, stopping here
2025-08-05 14:48:37 - [32minfo[39m: [PlaywrightAutomationFramework] trackPlaywrightInstance: created instance for target=37165:0, state=AutomationFrameworkState.CREATE
2025-08-05 14:48:37 - [32minfo[39m: [PlaywrightAutomationFramework] trackPlaywrightInstance: saved instance contextId=b6e7c2e0f02cd6b6ab8e9115b26919d97f7b82eeb3504266f7d586516226a787 target=37165:0
2025-08-05 14:48:37 - [32minfo[39m: Processed accessibility caps false {"browserstack.user":"coreylipsey_CicmlG","browserstack.key":"qRbyY1vhLqJDjNwJqN7E","build":"bstack-demo","project":"BrowserStack Sample","browserstack.debug":true,"browserstack.console":"info","browserstack.buildIdentifier":"#1","turboScaleOptions":{},"os":"Windows","os_version":11,"browserstack.hostName":"Coreys-MBP","browserstack.browserstackSDK":"Playwright-nodeagent/1.40.6","browserstack.buildProductMap":{"observability":true,"accessibility":false,"percy":false,"automate":true,"app_automate":false},"browserstack.use_w3c":false,"browser":"chrome","browser_version":"latest","browserstack.testhubBuildUuid":"edzixf7rngb75xnrntdzn0dvsfpqiandmiypr12j","browserstack.local":true,"browserstack.localIdentifier":"Aug_5_1443_Coreys-MBP_4myv"} 
2025-08-05 14:48:45 - [32minfo[39m: [PlaywrightAutomationFramework] trackPlaywrightInstance: instance already exists
2025-08-05 14:48:45 - [32minfo[39m: [PlaywrightAutomationFramework] trackPlaywrightInstance: instance already exists
2025-08-05 14:48:45 - [32minfo[39m: [PlaywrightDriverModule] testId: 5341f8408f38eeb41a40-9aaefb820fcf614611e2
2025-08-05 14:48:45 - [32minfo[39m: [PlaywrightDriverModule] testData from onAfterTest: {
  uuid: 'd94ea318-9159-4edc-982a-fd2a781709be',
  test_framework_name: 'Playwright',
  test_framework_version: '1.54.2',
  test_logs: [],
  test_hooks_finished: {},
  test_hooks_started: {},
  test_uuid: 'd94ea318-9159-4edc-982a-fd2a781709be',
  test_result: 'pending',
  automate_session_name: 'BrowserStack Traditional Tests - should load homepage successfully',
  test_file_path: '/Users/coreylipsey/gutcheck-score-mvp/tests/browserstack-traditional.spec.ts',
  test_id: '5341f8408f38eeb41a40-9aaefb820fcf614611e2',
  test_name: 'should load homepage successfully',
  test_location: '/Users/coreylipsey/gutcheck-score-mvp/tests/browserstack-traditional.spec.ts:4',
  test_code: 'async ({\n' +
    '    page\n' +
    '  }) => {\n' +
    '    var _page$viewportSize, _page$viewportSize2;\n' +
    "    await page.goto('/');\n" +
    "    await page.waitForLoadState('networkidle');\n" +
    '\n' +
    '    // Basic page load verification\n' +
    '    const title = await page.title();\n' +
    '    (0, _test.expect)(title).toBeTruthy();\n' +
    '\n' +
    '    // Check if page has content\n' +
    "    const bodyText = await page.textContent('body');\n" +
    '    (0, _test.expect)(bodyText).toBeTruthy();\n' +
    '\n' +
    '    // Take a screenshot for visual verification\n' +
    '    await page.screenshot({\n' +
    "      path: 'browserstack-homepage.png'\n" +
    '    });\n' +
    '    console.log(`✅ Homepage loaded successfully`);\n' +
    '    console.log(`📄 Page title: ${title}`);\n' +
    '    console.log(`📱 Viewport: ${(_page$viewportSize = page.viewportSize()) === null || _page$viewportSize === void 0 ? void 0 : _page$viewportSize.width}x${(_page$viewportSize2 = page.viewportSize()) === null || _page$viewportSize2 === void 0 ? void 0 : _page$viewportSize2.height}`);\n' +
    '  }',
  test_tags: [],
  test_started_at: '2025-08-05T18:48:37.631Z',
  test_scope: 'BrowserStack Traditional Tests - should load homepage successfully',
  test_scopes: [ 'BrowserStack Traditional Tests' ],
  test_rerun_name: ' -latest:Windows 11-browserstack browserstack-traditional.spec.ts BrowserStack Traditional Tests should load homepage successfully'
}
2025-08-05 14:48:45 - [32minfo[39m: [GrpcClient] Sending TestSessionEvent
]]>
</system-out>
</testcase>
<testcase name="BrowserStack Traditional Tests › should navigate to assessment page" classname="browserstack-traditional.spec.ts" time="0.064">
<skipped>
</skipped>
</testcase>
<testcase name="BrowserStack Traditional Tests › should display consistent branding" classname="browserstack-traditional.spec.ts" time="0">
<skipped>
</skipped>
</testcase>
</testsuite>
<testsuite name="visual-consistency.spec.ts" timestamp="2025-08-05T18:43:37.374Z" hostname="-latest:Windows 11-browserstack" tests="9" failures="0" skipped="9" time="0" errors="0">
<testcase name="Visual Consistency Tests › should display consistent colors across browsers" classname="visual-consistency.spec.ts" time="0">
<skipped>
</skipped>
</testcase>
<testcase name="Visual Consistency Tests › should maintain consistent typography" classname="visual-consistency.spec.ts" time="0">
<skipped>
</skipped>
</testcase>
<testcase name="Visual Consistency Tests › should have consistent button styling" classname="visual-consistency.spec.ts" time="0">
<skipped>
</skipped>
</testcase>
<testcase name="Visual Consistency Tests › should maintain layout consistency on different screen sizes" classname="visual-consistency.spec.ts" time="0">
<skipped>
</skipped>
</testcase>
<testcase name="Visual Consistency Tests › should handle form elements consistently" classname="visual-consistency.spec.ts" time="0">
<skipped>
</skipped>
</testcase>
<testcase name="Visual Consistency Tests › should maintain consistent spacing and alignment" classname="visual-consistency.spec.ts" time="0">
<skipped>
</skipped>
</testcase>
<testcase name="Visual Consistency Tests › should handle dark mode consistently" classname="visual-consistency.spec.ts" time="0">
<skipped>
</skipped>
</testcase>
<testcase name="Visual Consistency Tests › should maintain accessibility standards" classname="visual-consistency.spec.ts" time="0">
<skipped>
</skipped>
</testcase>
<testcase name="Visual Consistency Tests › should handle images and icons consistently" classname="visual-consistency.spec.ts" time="0">
<skipped>
</skipped>
</testcase>
</testsuite>
</testsuites>